Using pre-set license
Built from 'HEAD' branch; Version is '2021.3.15f1c1 (080beb55ecda) revision 527339'; Using compiler version '192829333'; Build Type 'Release'
OS: 'Windows 10  (10.0.19045) 64bit Professional' Language: 'zh' Physical Memory: 49100 MB
BatchMode: 1, IsHumanControllingUs: 0, StartBugReporterOnCrash: 0, Is64bit: 1, IsPro: 1

COMMAND LINE ARGUMENTS:
E:\Unity\Editor\2021.3.15f1c1\Editor\Unity.exe
-adb2
-batchMode
-noUpm
-name
AssetImportWorker1
-projectPath
F:/Unity/2DBearAdventure
-logFile
Logs/AssetImportWorker1.log
-srvPort
52800
Successfully changed project path to: F:/Unity/2DBearAdventure
F:/Unity/2DBearAdventure
[UnityMemory] Configuration Parameters - Can be set up in boot.config
    "memorysetup-bucket-allocator-granularity=16"
    "memorysetup-bucket-allocator-bucket-count=8"
    "memorysetup-bucket-allocator-block-size=33554432"
    "memorysetup-bucket-allocator-block-count=8"
    "memorysetup-main-allocator-block-size=16777216"
    "memorysetup-thread-allocator-block-size=16777216"
    "memorysetup-gfx-main-allocator-block-size=16777216"
    "memorysetup-gfx-thread-allocator-block-size=16777216"
    "memorysetup-cache-allocator-block-size=4194304"
    "memorysetup-typetree-allocator-block-size=2097152"
    "memorysetup-profiler-bucket-allocator-granularity=16"
    "memorysetup-profiler-bucket-allocator-bucket-count=8"
    "memorysetup-profiler-bucket-allocator-block-size=33554432"
    "memorysetup-profiler-bucket-allocator-block-count=8"
    "memorysetup-profiler-allocator-block-size=16777216"
    "memorysetup-profiler-editor-allocator-block-size=1048576"
    "memorysetup-temp-allocator-size-main=16777216"
    "memorysetup-job-temp-allocator-block-size=2097152"
    "memorysetup-job-temp-allocator-block-size-background=1048576"
    "memorysetup-job-temp-allocator-reduction-small-platforms=262144"
    "memorysetup-temp-allocator-size-background-worker=32768"
    "memorysetup-temp-allocator-size-job-worker=262144"
    "memorysetup-temp-allocator-size-preload-manager=33554432"
    "memorysetup-temp-allocator-size-nav-mesh-worker=65536"
    "memorysetup-temp-allocator-size-audio-worker=65536"
    "memorysetup-temp-allocator-size-cloud-worker=32768"
    "memorysetup-temp-allocator-size-gi-baking-worker=262144"
    "memorysetup-temp-allocator-size-gfx=262144"
Player connection [7208] Host "[IP] 192.168.2.114 [Port] 0 [Flags] 2 [Guid] 3080347981 [EditorId] 3080347981 [Version] 1048832 [Id] WindowsEditor(7,ZHENDONGJI-PC1L) [Debug] 1 [PackageName] WindowsEditor [ProjectName] Editor" joined multi-casting on [225.0.0.222:54997]...

Player connection [7208] Host "[IP] 192.168.2.114 [Port] 0 [Flags] 2 [Guid] 3080347981 [EditorId] 3080347981 [Version] 1048832 [Id] WindowsEditor(7,ZHENDONGJI-PC1L) [Debug] 1 [PackageName] WindowsEditor [ProjectName] Editor" joined alternative multi-casting on [225.0.0.222:34997]...

AS: AutoStreaming module initializing.
Refreshing native plugins compatible for Editor in 114.13 ms, found 4 plugins.
Preloading 0 native plugins for Editor in 0.00 ms.
Initialize engine version: 2021.3.15f1c1 (080beb55ecda)
[Subsystems] Discovering subsystems at path E:/Unity/Editor/2021.3.15f1c1/Editor/Data/Resources/UnitySubsystems
[Subsystems] Discovering subsystems at path F:/Unity/2DBearAdventure/Assets
GfxDevice: creating device client; threaded=0; jobified=0
Direct3D:
    Version:  Direct3D 11.0 [level 11.1]
    Renderer: NVIDIA GeForce RTX 2070 SUPER (ID=0x1e84)
    Vendor:   NVIDIA
    VRAM:     8003 MB
    Driver:   31.0.15.3623
Initialize mono
Mono path[0] = 'E:/Unity/Editor/2021.3.15f1c1/Editor/Data/Managed'
Mono path[1] = 'E:/Unity/Editor/2021.3.15f1c1/Editor/Data/MonoBleedingEdge/lib/mono/unityjit-win32'
Mono config path = 'E:/Unity/Editor/2021.3.15f1c1/Editor/Data/MonoBleedingEdge/etc'
Using monoOptions --debugger-agent=transport=dt_socket,embedding=1,server=y,suspend=n,address=127.0.0.1:56740
Begin MonoManager ReloadAssembly
Registering precompiled unity dll's ...
Register platform support module: E:/Unity/Editor/2021.3.15f1c1/Editor/Data/PlaybackEngines/WindowsStandaloneSupport/UnityEditor.WindowsStandalone.Extensions.dll
Registered in 0.003057 seconds.
Native extension for WindowsStandalone target not found
Refreshing native plugins compatible for Editor in 114.68 ms, found 4 plugins.
Preloading 0 native plugins for Editor in 0.00 ms.
Mono: successfully reloaded assembly
- Completed reload, in  0.604 seconds
Domain Reload Profiling:
	ReloadAssembly (604ms)
		BeginReloadAssembly (64ms)
			ExecutionOrderSort (0ms)
			DisableScriptedObjects (0ms)
			BackupInstance (0ms)
			ReleaseScriptingObjects (0ms)
			CreateAndSetChildDomain (1ms)
		EndReloadAssembly (442ms)
			LoadAssemblies (61ms)
			RebuildTransferFunctionScriptingTraits (0ms)
			SetupTypeCache (90ms)
			ReleaseScriptCaches (0ms)
			RebuildScriptCaches (29ms)
			SetupLoadedEditorAssemblies (275ms)
				LogAssemblyErrors (0ms)
				InitializePlatformSupportModulesInManaged (8ms)
				SetLoadedEditorAssemblies (0ms)
				RefreshPlugins (115ms)
				BeforeProcessingInitializeOnLoad (1ms)
				ProcessInitializeOnLoadAttributes (111ms)
				ProcessInitializeOnLoadMethodAttributes (39ms)
				AfterProcessingInitializeOnLoad (0ms)
				EditorAssembliesLoaded (0ms)
			ExecutionOrderSort2 (0ms)
			AwakeInstancesAfterBackupRestoration (0ms)
Platform modules already initialized, skipping
Registering precompiled user dll's ...
Registered in 0.010728 seconds.
Begin MonoManager ReloadAssembly
Symbol file LoadedFromMemory doesn't match image F:\Unity\2DBearAdventure\Library\PackageCache\com.unity.visualscripting@1.7.8\Editor\VisualScripting.Core\Dependencies\YamlDotNet\Unity.VisualScripting.YamlDotNet.dll
Symbol file LoadedFromMemory doesn't match image F:\Unity\2DBearAdventure\Library\PackageCache\com.unity.visualscripting@1.7.8\Editor\VisualScripting.Core\Dependencies\DotNetZip\Unity.VisualScripting.IonicZip.dll
Native extension for WindowsStandalone target not found
Refreshing native plugins compatible for Editor in 110.10 ms, found 4 plugins.
Preloading 0 native plugins for Editor in 0.00 ms.
Mono: successfully reloaded assembly
- Completed reload, in  1.357 seconds
Domain Reload Profiling:
	ReloadAssembly (1358ms)
		BeginReloadAssembly (106ms)
			ExecutionOrderSort (0ms)
			DisableScriptedObjects (5ms)
			BackupInstance (0ms)
			ReleaseScriptingObjects (0ms)
			CreateAndSetChildDomain (22ms)
		EndReloadAssembly (1143ms)
			LoadAssemblies (84ms)
			RebuildTransferFunctionScriptingTraits (0ms)
			SetupTypeCache (264ms)
			ReleaseScriptCaches (1ms)
			RebuildScriptCaches (80ms)
			SetupLoadedEditorAssemblies (663ms)
				LogAssemblyErrors (0ms)
				InitializePlatformSupportModulesInManaged (3ms)
				SetLoadedEditorAssemblies (0ms)
				RefreshPlugins (110ms)
				BeforeProcessingInitializeOnLoad (132ms)
				ProcessInitializeOnLoadAttributes (305ms)
				ProcessInitializeOnLoadMethodAttributes (104ms)
				AfterProcessingInitializeOnLoad (8ms)
				EditorAssembliesLoaded (0ms)
			ExecutionOrderSort2 (0ms)
			AwakeInstancesAfterBackupRestoration (7ms)
Platform modules already initialized, skipping
========================================================================
Worker process is ready to serve import requests
Launched and connected shader compiler UnityShaderCompiler.exe after 0.07 seconds
Refreshing native plugins compatible for Editor in 3.89 ms, found 4 plugins.
Preloading 0 native plugins for Editor in 0.00 ms.
Unloading 5766 Unused Serialized files (Serialized files now loaded: 0)
Unloading 74 unused Assets / (2.2 MB). Loaded Objects now: 6200.
Memory consumption went from 226.8 MB to 224.6 MB.
Total: 4.704200 ms (FindLiveObjects: 0.578500 ms CreateObjectMapping: 0.144100 ms MarkObjects: 3.243000 ms  DeleteObjects: 0.737200 ms)

AssetImportParameters requested are different than current active one (requested -> active):
  custom:video-decoder-ogg-theora: a1e56fd34408186e4bbccfd4996cb3dc -> 
  custom:container-muxer-webm: aa71ff27fc2769a1b78a27578f13a17b -> 
  custom:container-demuxer-webm: 4f35f7cbe854078d1ac9338744f61a02 -> 
  custom:video-encoder-webm-vp8: eb34c28f22e8b96e1ab97ce403110664 -> 
  custom:audio-encoder-webm-vorbis: bf7c407c2cedff20999df2af8eb42d56 -> 
  custom:framework-win-MediaFoundation: 216162199b28c13a410421893ffa2e32 -> 
  custom:container-demuxer-ogg: 62fdf1f143b41e24485cea50d1cbac27 -> 
  custom:video-decoder-webm-vp8: 9c59270c3fd7afecdb556c50c9e8de78 -> 
  custom:audio-decoder-ogg-vorbis: bf7c407c2cedff20999df2af8eb42d56 -> 
========================================================================
Received Import Request.
  Time since last request: 302655.747635 seconds.
  path: Assets/2D Tiling Backgrounds Pack - 6 Moods/Demo/Sunset.unity
  artifactKey: Guid(969cc4c427a991d419f1bfc245a6c818) Importer(815301076,1909f56bfc062723c751e8b465ee728b)
Start importing Assets/2D Tiling Backgrounds Pack - 6 Moods/Demo/Sunset.unity using Guid(969cc4c427a991d419f1bfc245a6c818) Importer(815301076,1909f56bfc062723c751e8b465ee728b)  -> (artifact id: 'b4bed6b06618b95c056b1e0a345828c8') in 0.029998 seconds 
========================================================================
Received Import Request.
  Time since last request: 0.000032 seconds.
  path: Assets/2D Tiling Backgrounds Pack - 6 Moods/Demo/Night.unity
  artifactKey: Guid(3513051cc3a10604587db2a12ad5f41f) Importer(815301076,1909f56bfc062723c751e8b465ee728b)
Start importing Assets/2D Tiling Backgrounds Pack - 6 Moods/Demo/Night.unity using Guid(3513051cc3a10604587db2a12ad5f41f) Importer(815301076,1909f56bfc062723c751e8b465ee728b)  -> (artifact id: 'f7ce2ef65c7b74de928b1fdc2f6ef880') in 0.015474 seconds 
========================================================================
Received Import Request.
  Time since last request: 0.000024 seconds.
  path: Assets/2D Tiling Backgrounds Pack - 6 Moods/Demo/Day.unity
  artifactKey: Guid(b10d1f8d60b4d904886afb18887bd0fb) Importer(815301076,1909f56bfc062723c751e8b465ee728b)
Start importing Assets/2D Tiling Backgrounds Pack - 6 Moods/Demo/Day.unity using Guid(b10d1f8d60b4d904886afb18887bd0fb) Importer(815301076,1909f56bfc062723c751e8b465ee728b)  -> (artifact id: '81b2809553d1763e8529c091722e662b') in 0.014540 seconds 
========================================================================
Received Import Request.
  Time since last request: 0.000089 seconds.
  path: Assets/2D Tiling Backgrounds Pack - 6 Moods/Demo/All Environment Examples.unity
  artifactKey: Guid(a19dce33d00ce2f42bcb90052881fa24) Importer(815301076,1909f56bfc062723c751e8b465ee728b)
Start importing Assets/2D Tiling Backgrounds Pack - 6 Moods/Demo/All Environment Examples.unity using Guid(a19dce33d00ce2f42bcb90052881fa24) Importer(815301076,1909f56bfc062723c751e8b465ee728b)  -> (artifact id: '36f1b390c767036479f2d6e0737bff18') in 0.016941 seconds 
========================================================================
Received Import Request.
  Time since last request: 41.848267 seconds.
  path: Assets/2D Tiling Backgrounds Pack - 6 Moods/Textures/Clouds Sun Moon/Boss_Cloud_03.png
  artifactKey: Guid(5a72a552c5d261a4eb575b985506e0bc) Importer(815301076,1909f56bfc062723c751e8b465ee728b)
Start importing Assets/2D Tiling Backgrounds Pack - 6 Moods/Textures/Clouds Sun Moon/Boss_Cloud_03.png using Guid(5a72a552c5d261a4eb575b985506e0bc) Importer(815301076,1909f56bfc062723c751e8b465ee728b)  -> (artifact id: 'f6534bc239ce0c0bec67ac6e96aa934d') in 0.120651 seconds 
========================================================================
Received Import Request.
  Time since last request: 0.000027 seconds.
  path: Assets/2D Tiling Backgrounds Pack - 6 Moods/Textures/Clouds Sun Moon/Sunrise_Cloud_02.png
  artifactKey: Guid(bad5bee5477fe1941a0aa9ff51586d8a) Importer(815301076,1909f56bfc062723c751e8b465ee728b)
Start importing Assets/2D Tiling Backgrounds Pack - 6 Moods/Textures/Clouds Sun Moon/Sunrise_Cloud_02.png using Guid(bad5bee5477fe1941a0aa9ff51586d8a) Importer(815301076,1909f56bfc062723c751e8b465ee728b)  -> (artifact id: '20747e4fc48027fbe10438ba22e04935') in 0.033763 seconds 
========================================================================
Received Import Request.
  Time since last request: 0.000033 seconds.
  path: Assets/2D Tiling Backgrounds Pack - 6 Moods/Textures/Clouds Sun Moon/Day_Cloud_05.png
  artifactKey: Guid(0e79f54f84e625c4a9cd11aa897c35da) Importer(815301076,1909f56bfc062723c751e8b465ee728b)
Start importing Assets/2D Tiling Backgrounds Pack - 6 Moods/Textures/Clouds Sun Moon/Day_Cloud_05.png using Guid(0e79f54f84e625c4a9cd11aa897c35da) Importer(815301076,1909f56bfc062723c751e8b465ee728b)  -> (artifact id: 'c58afc0c79553f1f0918ac6535b3e781') in 0.027301 seconds 
========================================================================
Received Import Request.
  Time since last request: 0.000051 seconds.
  path: Assets/2D Tiling Backgrounds Pack - 6 Moods/Textures/Clouds Sun Moon/Rain_Cloud_02.png
  artifactKey: Guid(ef7907e7a91493e4f89f0fd2a554543a) Importer(815301076,1909f56bfc062723c751e8b465ee728b)
Start importing Assets/2D Tiling Backgrounds Pack - 6 Moods/Textures/Clouds Sun Moon/Rain_Cloud_02.png using Guid(ef7907e7a91493e4f89f0fd2a554543a) Importer(815301076,1909f56bfc062723c751e8b465ee728b)  -> (artifact id: 'd2f82d0c73fa394f7d8ab8ef6859d033') in 0.031136 seconds 
========================================================================
Received Import Request.
  Time since last request: 0.000030 seconds.
  path: Assets/2D Tiling Backgrounds Pack - 6 Moods/Textures/Clouds Sun Moon/Day_Cloud_04.png
  artifactKey: Guid(1c7ab9243202aa143b039cf673624404) Importer(815301076,1909f56bfc062723c751e8b465ee728b)
Start importing Assets/2D Tiling Backgrounds Pack - 6 Moods/Textures/Clouds Sun Moon/Day_Cloud_04.png using Guid(1c7ab9243202aa143b039cf673624404) Importer(815301076,1909f56bfc062723c751e8b465ee728b)  -> (artifact id: '86a694febc5232ed4355f64cc393345f') in 0.022511 seconds 
========================================================================
Received Import Request.
  Time since last request: 0.000025 seconds.
  path: Assets/2D Tiling Backgrounds Pack - 6 Moods/Textures/Clouds Sun Moon/Sunrise_Cloud_01.png
  artifactKey: Guid(d192567f09147a84fb5ac3de505028c0) Importer(815301076,1909f56bfc062723c751e8b465ee728b)
Start importing Assets/2D Tiling Backgrounds Pack - 6 Moods/Textures/Clouds Sun Moon/Sunrise_Cloud_01.png using Guid(d192567f09147a84fb5ac3de505028c0) Importer(815301076,1909f56bfc062723c751e8b465ee728b)  -> (artifact id: 'a07dc70ec74320e9a0d1182ef239aa3e') in 0.048898 seconds 
========================================================================
Received Import Request.
  Time since last request: 0.000030 seconds.
  path: Assets/2D Tiling Backgrounds Pack - 6 Moods/Textures/Clouds Sun Moon/Sunset_Cloud_04.png
  artifactKey: Guid(d6a0a84638428aa4f86244cc1723b5ee) Importer(815301076,1909f56bfc062723c751e8b465ee728b)
Start importing Assets/2D Tiling Backgrounds Pack - 6 Moods/Textures/Clouds Sun Moon/Sunset_Cloud_04.png using Guid(d6a0a84638428aa4f86244cc1723b5ee) Importer(815301076,1909f56bfc062723c751e8b465ee728b)  -> (artifact id: 'c15f3c4f0043565e0e43840dc26b51df') in 0.021249 seconds 
========================================================================
Received Import Request.
  Time since last request: 0.000030 seconds.
  path: Assets/2D Tiling Backgrounds Pack - 6 Moods/Textures/Clouds Sun Moon/Day_Cloud_01.png
  artifactKey: Guid(3b7b600f0fcb3d449933c0392fba1990) Importer(815301076,1909f56bfc062723c751e8b465ee728b)
Start importing Assets/2D Tiling Backgrounds Pack - 6 Moods/Textures/Clouds Sun Moon/Day_Cloud_01.png using Guid(3b7b600f0fcb3d449933c0392fba1990) Importer(815301076,1909f56bfc062723c751e8b465ee728b)  -> (artifact id: 'b494c5607d1e731c438b1aae7a3d7b25') in 0.030687 seconds 
========================================================================
Received Import Request.
  Time since last request: 1.245773 seconds.
  path: Assets/2D Tiling Backgrounds Pack - 6 Moods/Textures/Paralaxes/Boss_Mountains_02.png
  artifactKey: Guid(ff919b0713a5fe34a925a2e117e40410) Importer(815301076,1909f56bfc062723c751e8b465ee728b)
Start importing Assets/2D Tiling Backgrounds Pack - 6 Moods/Textures/Paralaxes/Boss_Mountains_02.png using Guid(ff919b0713a5fe34a925a2e117e40410) Importer(815301076,1909f56bfc062723c751e8b465ee728b)  -> (artifact id: 'a7923f77ce8cef094b7b738587f95879') in 0.083128 seconds 
========================================================================
Received Import Request.
  Time since last request: 0.000029 seconds.
  path: Assets/2D Tiling Backgrounds Pack - 6 Moods/Textures/Paralaxes/Rain_Trees_02.png
  artifactKey: Guid(1c24760af791afa42ab975aa0c504605) Importer(815301076,1909f56bfc062723c751e8b465ee728b)
Start importing Assets/2D Tiling Backgrounds Pack - 6 Moods/Textures/Paralaxes/Rain_Trees_02.png using Guid(1c24760af791afa42ab975aa0c504605) Importer(815301076,1909f56bfc062723c751e8b465ee728b)  -> (artifact id: '208589ff663002c49330d0b92458b4d5') in 0.042546 seconds 
========================================================================
Received Import Request.
  Time since last request: 0.000029 seconds.
  path: Assets/2D Tiling Backgrounds Pack - 6 Moods/Textures/Paralaxes/Night_Trees_02.png
  artifactKey: Guid(bd26ce31ec657ec449a18d0859264bad) Importer(815301076,1909f56bfc062723c751e8b465ee728b)
Start importing Assets/2D Tiling Backgrounds Pack - 6 Moods/Textures/Paralaxes/Night_Trees_02.png using Guid(bd26ce31ec657ec449a18d0859264bad) Importer(815301076,1909f56bfc062723c751e8b465ee728b)  -> (artifact id: '72c7c75b5b139b52d282292bf92c9d6a') in 0.040787 seconds 
========================================================================
Received Import Request.
  Time since last request: 0.000033 seconds.
  path: Assets/2D Tiling Backgrounds Pack - 6 Moods/Textures/Paralaxes/Day_Trees_01.png
  artifactKey: Guid(57478e776bf32a745a678f1a742a927c) Importer(815301076,1909f56bfc062723c751e8b465ee728b)
Start importing Assets/2D Tiling Backgrounds Pack - 6 Moods/Textures/Paralaxes/Day_Trees_01.png using Guid(57478e776bf32a745a678f1a742a927c) Importer(815301076,1909f56bfc062723c751e8b465ee728b)  -> (artifact id: 'e203a445710aa0413936a637cc2976d2') in 0.045602 seconds 
========================================================================
Received Import Request.
  Time since last request: 0.000055 seconds.
  path: Assets/2D Tiling Backgrounds Pack - 6 Moods/Textures/Paralaxes/Night_Trees_03.png
  artifactKey: Guid(f269bbae37f12bf41b7952ba5585e1ee) Importer(815301076,1909f56bfc062723c751e8b465ee728b)
Start importing Assets/2D Tiling Backgrounds Pack - 6 Moods/Textures/Paralaxes/Night_Trees_03.png using Guid(f269bbae37f12bf41b7952ba5585e1ee) Importer(815301076,1909f56bfc062723c751e8b465ee728b)  -> (artifact id: '6171f5e8f802b0a9ae6a55479e893278') in 0.044938 seconds 
========================================================================
Received Import Request.
  Time since last request: 0.000024 seconds.
  path: Assets/2D Tiling Backgrounds Pack - 6 Moods/Textures/Paralaxes/Sunrise_Trees_02.png
  artifactKey: Guid(223ce7b80a9202749bca453a8f8ef355) Importer(815301076,1909f56bfc062723c751e8b465ee728b)
Start importing Assets/2D Tiling Backgrounds Pack - 6 Moods/Textures/Paralaxes/Sunrise_Trees_02.png using Guid(223ce7b80a9202749bca453a8f8ef355) Importer(815301076,1909f56bfc062723c751e8b465ee728b)  -> (artifact id: '3fdca1dffed9edca9d2fcc844ced55e1') in 0.040188 seconds 
========================================================================
Received Import Request.
  Time since last request: 0.000028 seconds.
  path: Assets/2D Tiling Backgrounds Pack - 6 Moods/Textures/Paralaxes/Rain_Trees_01.png
  artifactKey: Guid(a6202fd3d56caae46af54ee708398fda) Importer(815301076,1909f56bfc062723c751e8b465ee728b)
Start importing Assets/2D Tiling Backgrounds Pack - 6 Moods/Textures/Paralaxes/Rain_Trees_01.png using Guid(a6202fd3d56caae46af54ee708398fda) Importer(815301076,1909f56bfc062723c751e8b465ee728b)  -> (artifact id: 'eba0ec64b6b3d09efb4514b8373323af') in 0.046400 seconds 
========================================================================
Received Import Request.
  Time since last request: 0.000035 seconds.
  path: Assets/2D Tiling Backgrounds Pack - 6 Moods/Textures/Paralaxes/Sunrise_Clouds_01.png
  artifactKey: Guid(48feed2e82bdb91498261a71d089bd43) Importer(815301076,1909f56bfc062723c751e8b465ee728b)
Start importing Assets/2D Tiling Backgrounds Pack - 6 Moods/Textures/Paralaxes/Sunrise_Clouds_01.png using Guid(48feed2e82bdb91498261a71d089bd43) Importer(815301076,1909f56bfc062723c751e8b465ee728b)  -> (artifact id: 'ce99a27c233cce120b73dc7bc7002435') in 0.068454 seconds 
========================================================================
Received Import Request.
  Time since last request: 0.000028 seconds.
  path: Assets/2D Tiling Backgrounds Pack - 6 Moods/Textures/Paralaxes/Sunset_Trees_02.png
  artifactKey: Guid(66f42396c9864ab45bb44c9e04741348) Importer(815301076,1909f56bfc062723c751e8b465ee728b)
Start importing Assets/2D Tiling Backgrounds Pack - 6 Moods/Textures/Paralaxes/Sunset_Trees_02.png using Guid(66f42396c9864ab45bb44c9e04741348) Importer(815301076,1909f56bfc062723c751e8b465ee728b)  -> (artifact id: '38d80aa75257f028f6fb30d8b9525f86') in 0.040329 seconds 
========================================================================
Received Import Request.
  Time since last request: 0.000050 seconds.
  path: Assets/2D Tiling Backgrounds Pack - 6 Moods/Textures/Paralaxes/Day_Clouds_01.png
  artifactKey: Guid(882a8ffb4275bb44489ac47f9bf3aab8) Importer(815301076,1909f56bfc062723c751e8b465ee728b)
Start importing Assets/2D Tiling Backgrounds Pack - 6 Moods/Textures/Paralaxes/Day_Clouds_01.png using Guid(882a8ffb4275bb44489ac47f9bf3aab8) Importer(815301076,1909f56bfc062723c751e8b465ee728b)  -> (artifact id: 'af54aa0cf435b14a54c8864147dee166') in 0.056662 seconds 
========================================================================
Received Import Request.
  Time since last request: 0.000027 seconds.
  path: Assets/2D Tiling Backgrounds Pack - 6 Moods/Textures/Single Images/Day.png
  artifactKey: Guid(0795485d4ac99bd4ba10282734a88fc3) Importer(815301076,1909f56bfc062723c751e8b465ee728b)
Start importing Assets/2D Tiling Backgrounds Pack - 6 Moods/Textures/Single Images/Day.png using Guid(0795485d4ac99bd4ba10282734a88fc3) Importer(815301076,1909f56bfc062723c751e8b465ee728b)  -> (artifact id: '23c3792b3eca75dc6fbec1c03c170703') in 0.155687 seconds 
========================================================================
Received Import Request.
  Time since last request: 0.000033 seconds.
  path: Assets/2D Tiling Backgrounds Pack - 6 Moods/Textures/Paralaxes/Boss_Trees_03.png
  artifactKey: Guid(36f148993dbcf0c4fb03bcb2e72876ae) Importer(815301076,1909f56bfc062723c751e8b465ee728b)
Start importing Assets/2D Tiling Backgrounds Pack - 6 Moods/Textures/Paralaxes/Boss_Trees_03.png using Guid(36f148993dbcf0c4fb03bcb2e72876ae) Importer(815301076,1909f56bfc062723c751e8b465ee728b)  -> (artifact id: '929ea441bb7cd4b9e249d6917bc57b7f') in 0.044424 seconds 
========================================================================
Received Import Request.
  Time since last request: 0.000046 seconds.
  path: Assets/2D Tiling Backgrounds Pack - 6 Moods/Textures/Paralaxes/Sunrise_Trees_03.png
  artifactKey: Guid(2475f7a41fd3313469953d20102556b4) Importer(815301076,1909f56bfc062723c751e8b465ee728b)
Start importing Assets/2D Tiling Backgrounds Pack - 6 Moods/Textures/Paralaxes/Sunrise_Trees_03.png using Guid(2475f7a41fd3313469953d20102556b4) Importer(815301076,1909f56bfc062723c751e8b465ee728b)  -> (artifact id: '15230f57ab7fede3fa3d74356bc30f3a') in 0.043454 seconds 
========================================================================
Received Import Request.
  Time since last request: 0.000035 seconds.
  path: Assets/2D Tiling Backgrounds Pack - 6 Moods/Textures/Paralaxes/Boss_Trees_02.png
  artifactKey: Guid(f2c3417ed99df9349b2c748cd959162b) Importer(815301076,1909f56bfc062723c751e8b465ee728b)
Start importing Assets/2D Tiling Backgrounds Pack - 6 Moods/Textures/Paralaxes/Boss_Trees_02.png using Guid(f2c3417ed99df9349b2c748cd959162b) Importer(815301076,1909f56bfc062723c751e8b465ee728b)  -> (artifact id: '4a28da26e2a2652b5195f1618daca329') in 0.035340 seconds 
========================================================================
Received Import Request.
  Time since last request: 0.821811 seconds.
  path: Assets/2D Tiling Backgrounds Pack - 6 Moods/Textures/Sliced Tiling Backgrounds/Day_part_03.png
  artifactKey: Guid(2b469fe40ae49d5498ef5c33d2de8057) Importer(815301076,1909f56bfc062723c751e8b465ee728b)
Start importing Assets/2D Tiling Backgrounds Pack - 6 Moods/Textures/Sliced Tiling Backgrounds/Day_part_03.png using Guid(2b469fe40ae49d5498ef5c33d2de8057) Importer(815301076,1909f56bfc062723c751e8b465ee728b)  -> (artifact id: 'e1d46ba53b21b677f8ece0bf135ce4b5') in 0.148806 seconds 
========================================================================
Received Import Request.
  Time since last request: 0.000034 seconds.
  path: Assets/2D Tiling Backgrounds Pack - 6 Moods/Textures/Sliced Tiling Backgrounds/Rain_part_05.png
  artifactKey: Guid(6d9d19bb0ca77974d9d0123b238f05d7) Importer(815301076,1909f56bfc062723c751e8b465ee728b)
Start importing Assets/2D Tiling Backgrounds Pack - 6 Moods/Textures/Sliced Tiling Backgrounds/Rain_part_05.png using Guid(6d9d19bb0ca77974d9d0123b238f05d7) Importer(815301076,1909f56bfc062723c751e8b465ee728b)  -> (artifact id: '417616445563095e48dd6d41dad7b5ba') in 0.106989 seconds 
========================================================================
Received Import Request.
  Time since last request: 0.000050 seconds.
  path: Assets/2D Tiling Backgrounds Pack - 6 Moods/Textures/Sliced Tiling Backgrounds/Night_part_01.png
  artifactKey: Guid(c825178057fa5f04db1cd688e6efeb2d) Importer(815301076,1909f56bfc062723c751e8b465ee728b)
Start importing Assets/2D Tiling Backgrounds Pack - 6 Moods/Textures/Sliced Tiling Backgrounds/Night_part_01.png using Guid(c825178057fa5f04db1cd688e6efeb2d) Importer(815301076,1909f56bfc062723c751e8b465ee728b)  -> (artifact id: '1f6397cff011221268c73681a65a64ee') in 0.107241 seconds 
========================================================================
Received Import Request.
  Time since last request: 0.000022 seconds.
  path: Assets/2D Tiling Backgrounds Pack - 6 Moods/Textures/Sliced Tiling Backgrounds/Sunrise_part_05.png
  artifactKey: Guid(b3237c2c7ff7bed43b85cd501c0c1072) Importer(815301076,1909f56bfc062723c751e8b465ee728b)
Start importing Assets/2D Tiling Backgrounds Pack - 6 Moods/Textures/Sliced Tiling Backgrounds/Sunrise_part_05.png using Guid(b3237c2c7ff7bed43b85cd501c0c1072) Importer(815301076,1909f56bfc062723c751e8b465ee728b)  -> (artifact id: '407f9c375ff5762bfe79768e9c5601fd') in 0.105780 seconds 
========================================================================
Received Import Request.
  Time since last request: 0.000038 seconds.
  path: Assets/2D Tiling Backgrounds Pack - 6 Moods/Textures/Sliced Tiling Backgrounds/Night_part_05.png
  artifactKey: Guid(ac6e59ce13744a94d90a5bf147ee73d4) Importer(815301076,1909f56bfc062723c751e8b465ee728b)
Start importing Assets/2D Tiling Backgrounds Pack - 6 Moods/Textures/Sliced Tiling Backgrounds/Night_part_05.png using Guid(ac6e59ce13744a94d90a5bf147ee73d4) Importer(815301076,1909f56bfc062723c751e8b465ee728b)  -> (artifact id: '7469a90b11fe22dd5867451edc612bd2') in 0.101954 seconds 
========================================================================
Received Import Request.
  Time since last request: 0.000050 seconds.
  path: Assets/2D Tiling Backgrounds Pack - 6 Moods/Textures/Sliced Tiling Backgrounds/Final Boss_part_04.png
  artifactKey: Guid(fc1c128d50989be4ea6ca1a2a5be849b) Importer(815301076,1909f56bfc062723c751e8b465ee728b)
Start importing Assets/2D Tiling Backgrounds Pack - 6 Moods/Textures/Sliced Tiling Backgrounds/Final Boss_part_04.png using Guid(fc1c128d50989be4ea6ca1a2a5be849b) Importer(815301076,1909f56bfc062723c751e8b465ee728b)  -> (artifact id: 'b61e48a76b714ba914cc1f04f92f27b5') in 0.097948 seconds 
========================================================================
Received Import Request.
  Time since last request: 0.000030 seconds.
  path: Assets/2D Tiling Backgrounds Pack - 6 Moods/Textures/Sliced Tiling Backgrounds/Sunset_part_02.png
  artifactKey: Guid(d0607da934e68fc428ae33bba4f2fb8d) Importer(815301076,1909f56bfc062723c751e8b465ee728b)
Start importing Assets/2D Tiling Backgrounds Pack - 6 Moods/Textures/Sliced Tiling Backgrounds/Sunset_part_02.png using Guid(d0607da934e68fc428ae33bba4f2fb8d) Importer(815301076,1909f56bfc062723c751e8b465ee728b)  -> (artifact id: 'f144a92eff78548d09b081a44fd060ec') in 0.100766 seconds 
========================================================================
Received Import Request.
  Time since last request: 0.000025 seconds.
  path: Assets/2D Tiling Backgrounds Pack - 6 Moods/Textures/Sliced Tiling Backgrounds/Final Boss_part_02.png
  artifactKey: Guid(a135667684a666444992b5cf99291fb4) Importer(815301076,1909f56bfc062723c751e8b465ee728b)
Start importing Assets/2D Tiling Backgrounds Pack - 6 Moods/Textures/Sliced Tiling Backgrounds/Final Boss_part_02.png using Guid(a135667684a666444992b5cf99291fb4) Importer(815301076,1909f56bfc062723c751e8b465ee728b)  -> (artifact id: 'ed45ace978da4723350ad38f3c13c512') in 0.093995 seconds 
========================================================================
Received Prepare
Registering precompiled user dll's ...
Registered in 0.015421 seconds.
Begin MonoManager ReloadAssembly
Symbol file LoadedFromMemory doesn't match image F:\Unity\2DBearAdventure\Library\PackageCache\com.unity.visualscripting@1.7.8\Editor\VisualScripting.Core\Dependencies\YamlDotNet\Unity.VisualScripting.YamlDotNet.dll
Symbol file LoadedFromMemory doesn't match image F:\Unity\2DBearAdventure\Library\PackageCache\com.unity.visualscripting@1.7.8\Editor\VisualScripting.Core\Dependencies\DotNetZip\Unity.VisualScripting.IonicZip.dll
Native extension for WindowsStandalone target not found
Refreshing native plugins compatible for Editor in 2.26 ms, found 4 plugins.
Preloading 0 native plugins for Editor in 0.00 ms.
Mono: successfully reloaded assembly
- Completed reload, in  1.323 seconds
Domain Reload Profiling:
	ReloadAssembly (1323ms)
		BeginReloadAssembly (176ms)
			ExecutionOrderSort (0ms)
			DisableScriptedObjects (7ms)
			BackupInstance (0ms)
			ReleaseScriptingObjects (0ms)
			CreateAndSetChildDomain (66ms)
		EndReloadAssembly (1044ms)
			LoadAssemblies (120ms)
			RebuildTransferFunctionScriptingTraits (0ms)
			SetupTypeCache (291ms)
			ReleaseScriptCaches (2ms)
			RebuildScriptCaches (76ms)
			SetupLoadedEditorAssemblies (517ms)
				LogAssemblyErrors (0ms)
				InitializePlatformSupportModulesInManaged (11ms)
				SetLoadedEditorAssemblies (1ms)
				RefreshPlugins (2ms)
				BeforeProcessingInitializeOnLoad (112ms)
				ProcessInitializeOnLoadAttributes (290ms)
				ProcessInitializeOnLoadMethodAttributes (91ms)
				AfterProcessingInitializeOnLoad (9ms)
				EditorAssembliesLoaded (0ms)
			ExecutionOrderSort2 (0ms)
			AwakeInstancesAfterBackupRestoration (8ms)
Platform modules already initialized, skipping
Refreshing native plugins compatible for Editor in 7.35 ms, found 4 plugins.
Preloading 0 native plugins for Editor in 0.00 ms.
Unloading 5664 Unused Serialized files (Serialized files now loaded: 0)
Unloading 49 unused Assets / (2.2 MB). Loaded Objects now: 6255.
Memory consumption went from 220.9 MB to 218.8 MB.
Total: 9.140100 ms (FindLiveObjects: 0.970600 ms CreateObjectMapping: 0.197500 ms MarkObjects: 6.484900 ms  DeleteObjects: 1.484600 ms)

AssetImportParameters requested are different than current active one (requested -> active):
  custom:video-decoder-ogg-theora: a1e56fd34408186e4bbccfd4996cb3dc -> 
  custom:container-muxer-webm: aa71ff27fc2769a1b78a27578f13a17b -> 
  custom:container-demuxer-webm: 4f35f7cbe854078d1ac9338744f61a02 -> 
  custom:video-encoder-webm-vp8: eb34c28f22e8b96e1ab97ce403110664 -> 
  custom:audio-encoder-webm-vorbis: bf7c407c2cedff20999df2af8eb42d56 -> 
  custom:framework-win-MediaFoundation: 216162199b28c13a410421893ffa2e32 -> 
  custom:container-demuxer-ogg: 62fdf1f143b41e24485cea50d1cbac27 -> 
  custom:video-decoder-webm-vp8: 9c59270c3fd7afecdb556c50c9e8de78 -> 
  custom:audio-decoder-ogg-vorbis: bf7c407c2cedff20999df2af8eb42d56 -> 
Editor requested this worker to shutdown with reason: Scaling down because of idle timeout
AssetImportWorker is now disconnected from the server
Process exiting
Exiting without the bug reporter. Application will terminate with return code 0