Using pre-set license
Built from 'HEAD' branch; Version is '2021.3.15f1c1 (080beb55ecda) revision 527339'; Using compiler version '192829333'; Build Type 'Release'
OS: 'Windows 10  (10.0.19045) 64bit Professional' Language: 'zh' Physical Memory: 49100 MB
BatchMode: 1, IsHumanControllingUs: 0, StartBugReporterOnCrash: 0, Is64bit: 1, IsPro: 1

COMMAND LINE ARGUMENTS:
E:\Unity\Editor\2021.3.15f1c1\Editor\Unity.exe
-adb2
-batchMode
-noUpm
-name
AssetImportWorker20
-projectPath
F:/Unity/2DBearAdventure
-logFile
Logs/AssetImportWorker20.log
-srvPort
59549
Successfully changed project path to: F:/Unity/2DBearAdventure
F:/Unity/2DBearAdventure
[UnityMemory] Configuration Parameters - Can be set up in boot.config
    "memorysetup-bucket-allocator-granularity=16"
    "memorysetup-bucket-allocator-bucket-count=8"
    "memorysetup-bucket-allocator-block-size=33554432"
    "memorysetup-bucket-allocator-block-count=8"
    "memorysetup-main-allocator-block-size=16777216"
    "memorysetup-thread-allocator-block-size=16777216"
    "memorysetup-gfx-main-allocator-block-size=16777216"
    "memorysetup-gfx-thread-allocator-block-size=16777216"
    "memorysetup-cache-allocator-block-size=4194304"
    "memorysetup-typetree-allocator-block-size=2097152"
    "memorysetup-profiler-bucket-allocator-granularity=16"
    "memorysetup-profiler-bucket-allocator-bucket-count=8"
    "memorysetup-profiler-bucket-allocator-block-size=33554432"
    "memorysetup-profiler-bucket-allocator-block-count=8"
    "memorysetup-profiler-allocator-block-size=16777216"
    "memorysetup-profiler-editor-allocator-block-size=1048576"
    "memorysetup-temp-allocator-size-main=16777216"
    "memorysetup-job-temp-allocator-block-size=2097152"
    "memorysetup-job-temp-allocator-block-size-background=1048576"
    "memorysetup-job-temp-allocator-reduction-small-platforms=262144"
    "memorysetup-temp-allocator-size-background-worker=32768"
    "memorysetup-temp-allocator-size-job-worker=262144"
    "memorysetup-temp-allocator-size-preload-manager=33554432"
    "memorysetup-temp-allocator-size-nav-mesh-worker=65536"
    "memorysetup-temp-allocator-size-audio-worker=65536"
    "memorysetup-temp-allocator-size-cloud-worker=32768"
    "memorysetup-temp-allocator-size-gi-baking-worker=262144"
    "memorysetup-temp-allocator-size-gfx=262144"
Player connection [34420] Host "[IP] 192.168.2.114 [Port] 0 [Flags] 2 [Guid] 2038171432 [EditorId] 2038171432 [Version] 1048832 [Id] WindowsEditor(7,ZHENDONGJI-PC1L) [Debug] 1 [PackageName] WindowsEditor [ProjectName] Editor" joined multi-casting on [225.0.0.222:54997]...

Player connection [34420] Host "[IP] 192.168.2.114 [Port] 0 [Flags] 2 [Guid] 2038171432 [EditorId] 2038171432 [Version] 1048832 [Id] WindowsEditor(7,ZHENDONGJI-PC1L) [Debug] 1 [PackageName] WindowsEditor [ProjectName] Editor" joined alternative multi-casting on [225.0.0.222:34997]...

AS: AutoStreaming module initializing.
Refreshing native plugins compatible for Editor in 310.22 ms, found 4 plugins.
Preloading 0 native plugins for Editor in 0.00 ms.
Initialize engine version: 2021.3.15f1c1 (080beb55ecda)
[Subsystems] Discovering subsystems at path E:/Unity/Editor/2021.3.15f1c1/Editor/Data/Resources/UnitySubsystems
[Subsystems] Discovering subsystems at path F:/Unity/2DBearAdventure/Assets
GfxDevice: creating device client; threaded=0; jobified=0
Direct3D:
    Version:  Direct3D 11.0 [level 11.1]
    Renderer: NVIDIA GeForce RTX 2070 SUPER (ID=0x1e84)
    Vendor:   NVIDIA
    VRAM:     8003 MB
    Driver:   31.0.15.3623
Initialize mono
Mono path[0] = 'E:/Unity/Editor/2021.3.15f1c1/Editor/Data/Managed'
Mono path[1] = 'E:/Unity/Editor/2021.3.15f1c1/Editor/Data/MonoBleedingEdge/lib/mono/unityjit-win32'
Mono config path = 'E:/Unity/Editor/2021.3.15f1c1/Editor/Data/MonoBleedingEdge/etc'
Using monoOptions --debugger-agent=transport=dt_socket,embedding=1,server=y,suspend=n,address=127.0.0.1:56536
Begin MonoManager ReloadAssembly
Registering precompiled unity dll's ...
Register platform support module: E:/Unity/Editor/2021.3.15f1c1/Editor/Data/PlaybackEngines/WindowsStandaloneSupport/UnityEditor.WindowsStandalone.Extensions.dll
Registered in 0.003408 seconds.
Native extension for WindowsStandalone target not found
Refreshing native plugins compatible for Editor in 302.02 ms, found 4 plugins.
Preloading 0 native plugins for Editor in 0.00 ms.
Mono: successfully reloaded assembly
- Completed reload, in  0.815 seconds
Domain Reload Profiling:
	ReloadAssembly (815ms)
		BeginReloadAssembly (63ms)
			ExecutionOrderSort (0ms)
			DisableScriptedObjects (0ms)
			BackupInstance (0ms)
			ReleaseScriptingObjects (0ms)
			CreateAndSetChildDomain (1ms)
		EndReloadAssembly (653ms)
			LoadAssemblies (60ms)
			RebuildTransferFunctionScriptingTraits (0ms)
			SetupTypeCache (93ms)
			ReleaseScriptCaches (0ms)
			RebuildScriptCaches (31ms)
			SetupLoadedEditorAssemblies (471ms)
				LogAssemblyErrors (0ms)
				InitializePlatformSupportModulesInManaged (7ms)
				SetLoadedEditorAssemblies (0ms)
				RefreshPlugins (302ms)
				BeforeProcessingInitializeOnLoad (1ms)
				ProcessInitializeOnLoadAttributes (120ms)
				ProcessInitializeOnLoadMethodAttributes (40ms)
				AfterProcessingInitializeOnLoad (0ms)
				EditorAssembliesLoaded (0ms)
			ExecutionOrderSort2 (0ms)
			AwakeInstancesAfterBackupRestoration (0ms)
Platform modules already initialized, skipping
Registering precompiled user dll's ...
Registered in 0.011825 seconds.
Begin MonoManager ReloadAssembly
Symbol file LoadedFromMemory doesn't match image F:\Unity\2DBearAdventure\Library\PackageCache\com.unity.visualscripting@1.7.8\Editor\VisualScripting.Core\Dependencies\YamlDotNet\Unity.VisualScripting.YamlDotNet.dll
Symbol file LoadedFromMemory doesn't match image F:\Unity\2DBearAdventure\Library\PackageCache\com.unity.visualscripting@1.7.8\Editor\VisualScripting.Core\Dependencies\DotNetZip\Unity.VisualScripting.IonicZip.dll
Native extension for WindowsStandalone target not found
Refreshing native plugins compatible for Editor in 291.30 ms, found 4 plugins.
Preloading 0 native plugins for Editor in 0.00 ms.
Mono: successfully reloaded assembly
- Completed reload, in  1.743 seconds
Domain Reload Profiling:
	ReloadAssembly (1744ms)
		BeginReloadAssembly (110ms)
			ExecutionOrderSort (0ms)
			DisableScriptedObjects (5ms)
			BackupInstance (0ms)
			ReleaseScriptingObjects (0ms)
			CreateAndSetChildDomain (24ms)
		EndReloadAssembly (1526ms)
			LoadAssemblies (85ms)
			RebuildTransferFunctionScriptingTraits (0ms)
			SetupTypeCache (245ms)
			ReleaseScriptCaches (1ms)
			RebuildScriptCaches (79ms)
			SetupLoadedEditorAssemblies (1065ms)
				LogAssemblyErrors (0ms)
				InitializePlatformSupportModulesInManaged (3ms)
				SetLoadedEditorAssemblies (0ms)
				RefreshPlugins (291ms)
				BeforeProcessingInitializeOnLoad (138ms)
				ProcessInitializeOnLoadAttributes (537ms)
				ProcessInitializeOnLoadMethodAttributes (87ms)
				AfterProcessingInitializeOnLoad (8ms)
				EditorAssembliesLoaded (0ms)
			ExecutionOrderSort2 (0ms)
			AwakeInstancesAfterBackupRestoration (5ms)
Platform modules already initialized, skipping
========================================================================
Worker process is ready to serve import requests
Launched and connected shader compiler UnityShaderCompiler.exe after 0.05 seconds
Refreshing native plugins compatible for Editor in 4.81 ms, found 4 plugins.
Preloading 0 native plugins for Editor in 0.00 ms.
Unloading 5766 Unused Serialized files (Serialized files now loaded: 0)
Unloading 74 unused Assets / (2.2 MB). Loaded Objects now: 6202.
Memory consumption went from 251.7 MB to 249.5 MB.
Total: 5.586000 ms (FindLiveObjects: 0.646800 ms CreateObjectMapping: 0.163500 ms MarkObjects: 3.413400 ms  DeleteObjects: 1.360100 ms)

AssetImportParameters requested are different than current active one (requested -> active):
  custom:video-decoder-ogg-theora: a1e56fd34408186e4bbccfd4996cb3dc -> 
  custom:container-muxer-webm: aa71ff27fc2769a1b78a27578f13a17b -> 
  custom:container-demuxer-webm: 4f35f7cbe854078d1ac9338744f61a02 -> 
  custom:video-encoder-webm-vp8: eb34c28f22e8b96e1ab97ce403110664 -> 
  custom:audio-encoder-webm-vorbis: bf7c407c2cedff20999df2af8eb42d56 -> 
  custom:framework-win-MediaFoundation: 216162199b28c13a410421893ffa2e32 -> 
  custom:container-demuxer-ogg: 62fdf1f143b41e24485cea50d1cbac27 -> 
  custom:video-decoder-webm-vp8: 9c59270c3fd7afecdb556c50c9e8de78 -> 
  custom:audio-decoder-ogg-vorbis: bf7c407c2cedff20999df2af8eb42d56 -> 
========================================================================
Received Import Request.
  Time since last request: 386972.683360 seconds.
  path: Assets/Art/ElvGames/Fantasy Dreamland Reborn/Dungeon/Tiles/FDR_Dungeon_4.asset
  artifactKey: Guid(1e67721dcb2a1ae4e937951222fd9217) Importer(815301076,1909f56bfc062723c751e8b465ee728b)
Start importing Assets/Art/ElvGames/Fantasy Dreamland Reborn/Dungeon/Tiles/FDR_Dungeon_4.asset using Guid(1e67721dcb2a1ae4e937951222fd9217) Importer(815301076,1909f56bfc062723c751e8b465ee728b)  -> (artifact id: '62606c694845206ca1f7602753310c5a') in 0.095877 seconds 
========================================================================
Received Import Request.
  Time since last request: 0.000076 seconds.
  path: Assets/Art/ElvGames/Fantasy Dreamland Reborn/Dungeon/Tiles/FDR_Dungeon_107.asset
  artifactKey: Guid(aaf9fc277591d684d85d0a19d7d55add) Importer(815301076,1909f56bfc062723c751e8b465ee728b)
Start importing Assets/Art/ElvGames/Fantasy Dreamland Reborn/Dungeon/Tiles/FDR_Dungeon_107.asset using Guid(aaf9fc277591d684d85d0a19d7d55add) Importer(815301076,1909f56bfc062723c751e8b465ee728b)  -> (artifact id: '965792a16db35f4a2707b1a3bb6bf2a6') in 0.022427 seconds 
========================================================================
Received Import Request.
  Time since last request: 0.000060 seconds.
  path: Assets/Art/ElvGames/Fantasy Dreamland Reborn/Dungeon/Tiles/FDR_Dungeon_41.asset
  artifactKey: Guid(2854ea038d931c94d94a70624485477d) Importer(815301076,1909f56bfc062723c751e8b465ee728b)
Start importing Assets/Art/ElvGames/Fantasy Dreamland Reborn/Dungeon/Tiles/FDR_Dungeon_41.asset using Guid(2854ea038d931c94d94a70624485477d) Importer(815301076,1909f56bfc062723c751e8b465ee728b)  -> (artifact id: '9dc8f53aac11f7432301b3a8ff1eebfe') in 0.015292 seconds 
========================================================================
Received Import Request.
  Time since last request: 0.000032 seconds.
  path: Assets/Art/ElvGames/Fantasy Dreamland Reborn/Dungeon/Tiles/FDR_Dungeon_49.asset
  artifactKey: Guid(210ef8cd6a1653d4089e432fb7ad1f1b) Importer(815301076,1909f56bfc062723c751e8b465ee728b)
Start importing Assets/Art/ElvGames/Fantasy Dreamland Reborn/Dungeon/Tiles/FDR_Dungeon_49.asset using Guid(210ef8cd6a1653d4089e432fb7ad1f1b) Importer(815301076,1909f56bfc062723c751e8b465ee728b)  -> (artifact id: '90aa8c35704d47e531508d2f7d99e41f') in 0.021608 seconds 
========================================================================
Received Import Request.
  Time since last request: 0.000036 seconds.
  path: Assets/Art/ElvGames/Fantasy Dreamland Reborn/Dungeon/Tiles/FDR_Dungeon_78.asset
  artifactKey: Guid(c0e80f366aeb52d4b855c6553bdf6505) Importer(815301076,1909f56bfc062723c751e8b465ee728b)
Start importing Assets/Art/ElvGames/Fantasy Dreamland Reborn/Dungeon/Tiles/FDR_Dungeon_78.asset using Guid(c0e80f366aeb52d4b855c6553bdf6505) Importer(815301076,1909f56bfc062723c751e8b465ee728b)  -> (artifact id: 'f07ac1a8a405707f644b40c3bd26af4d') in 0.017561 seconds 
========================================================================
Received Import Request.
  Time since last request: 0.000030 seconds.
  path: Assets/Art/ElvGames/Fantasy Dreamland Reborn/Dungeon/Tiles/FDR_Dungeon_92.asset
  artifactKey: Guid(5c3ee6f3c3c66504ba144299327ab039) Importer(815301076,1909f56bfc062723c751e8b465ee728b)
Start importing Assets/Art/ElvGames/Fantasy Dreamland Reborn/Dungeon/Tiles/FDR_Dungeon_92.asset using Guid(5c3ee6f3c3c66504ba144299327ab039) Importer(815301076,1909f56bfc062723c751e8b465ee728b)  -> (artifact id: '810a5fed912c4d091c788b9f2f8f40c9') in 0.024019 seconds 
========================================================================
Received Import Request.
  Time since last request: 0.000042 seconds.
  path: Assets/Art/ElvGames/Fantasy Dreamland Reborn/Dungeon/Tiles/FDR_Dungeon_94.asset
  artifactKey: Guid(e7907cf07139ed442a723615356c7956) Importer(815301076,1909f56bfc062723c751e8b465ee728b)
Start importing Assets/Art/ElvGames/Fantasy Dreamland Reborn/Dungeon/Tiles/FDR_Dungeon_94.asset using Guid(e7907cf07139ed442a723615356c7956) Importer(815301076,1909f56bfc062723c751e8b465ee728b)  -> (artifact id: '83b7386631283dab62a3bc282453a3ee') in 0.015069 seconds 
========================================================================
Received Import Request.
  Time since last request: 0.000028 seconds.
  path: Assets/Art/ElvGames/Fantasy Dreamland Reborn/Dungeon/Tiles/FDR_Dungeon_55.asset
  artifactKey: Guid(228b757546b2d114b9d1059d6ea1b12b) Importer(815301076,1909f56bfc062723c751e8b465ee728b)
Start importing Assets/Art/ElvGames/Fantasy Dreamland Reborn/Dungeon/Tiles/FDR_Dungeon_55.asset using Guid(228b757546b2d114b9d1059d6ea1b12b) Importer(815301076,1909f56bfc062723c751e8b465ee728b)  -> (artifact id: '63ae7a565da9145653cfcf98a6cd9f69') in 0.016731 seconds 
========================================================================
Received Import Request.
  Time since last request: 0.000026 seconds.
  path: Assets/Art/ElvGames/Fantasy Dreamland Reborn/Dungeon/Tiles/FDR_Dungeon_25.asset
  artifactKey: Guid(e2db542a7f2a744489fdf7bae265ff6f) Importer(815301076,1909f56bfc062723c751e8b465ee728b)
Start importing Assets/Art/ElvGames/Fantasy Dreamland Reborn/Dungeon/Tiles/FDR_Dungeon_25.asset using Guid(e2db542a7f2a744489fdf7bae265ff6f) Importer(815301076,1909f56bfc062723c751e8b465ee728b)  -> (artifact id: 'ba26693a7c1ba922e9f8eb72f37a243b') in 0.017194 seconds 
========================================================================
Received Import Request.
  Time since last request: 0.000041 seconds.
  path: Assets/Art/ElvGames/Fantasy Dreamland Reborn/Dungeon/Tiles/FDR_Dungeon_54.asset
  artifactKey: Guid(093cf08060ee53e49b80b247894f829b) Importer(815301076,1909f56bfc062723c751e8b465ee728b)
Start importing Assets/Art/ElvGames/Fantasy Dreamland Reborn/Dungeon/Tiles/FDR_Dungeon_54.asset using Guid(093cf08060ee53e49b80b247894f829b) Importer(815301076,1909f56bfc062723c751e8b465ee728b)  -> (artifact id: '2d57125d57db0a490169b9f01b37a5dc') in 0.018601 seconds 
========================================================================
Received Import Request.
  Time since last request: 0.000053 seconds.
  path: Assets/Art/ElvGames/Fantasy Dreamland Reborn/Dungeon/Tiles/FDR_Dungeon_7.asset
  artifactKey: Guid(e7dee3b3b066b0a4085b0dedc923b4df) Importer(815301076,1909f56bfc062723c751e8b465ee728b)
Start importing Assets/Art/ElvGames/Fantasy Dreamland Reborn/Dungeon/Tiles/FDR_Dungeon_7.asset using Guid(e7dee3b3b066b0a4085b0dedc923b4df) Importer(815301076,1909f56bfc062723c751e8b465ee728b)  -> (artifact id: '7a1625307acb8ac2ba64d81857248b7e') in 0.019375 seconds 
========================================================================
Received Import Request.
  Time since last request: 0.000036 seconds.
  path: Assets/Art/ElvGames/Fantasy Dreamland Reborn/Dungeon/Tiles/FDR_Dungeon_46.asset
  artifactKey: Guid(eed2eff4043e03041814d3c3e8d4f41f) Importer(815301076,1909f56bfc062723c751e8b465ee728b)
Start importing Assets/Art/ElvGames/Fantasy Dreamland Reborn/Dungeon/Tiles/FDR_Dungeon_46.asset using Guid(eed2eff4043e03041814d3c3e8d4f41f) Importer(815301076,1909f56bfc062723c751e8b465ee728b)  -> (artifact id: 'b66eadc6e38e6a411e9e6b4ca264f39b') in 0.017684 seconds 
========================================================================
Received Import Request.
  Time since last request: 0.000045 seconds.
  path: Assets/Art/ElvGames/Fantasy Dreamland Reborn/Dungeon/Tiles/FDR_Dungeon_30.asset
  artifactKey: Guid(556bc9710dd94d040a6825f71e2fe153) Importer(815301076,1909f56bfc062723c751e8b465ee728b)
Start importing Assets/Art/ElvGames/Fantasy Dreamland Reborn/Dungeon/Tiles/FDR_Dungeon_30.asset using Guid(556bc9710dd94d040a6825f71e2fe153) Importer(815301076,1909f56bfc062723c751e8b465ee728b)  -> (artifact id: '7e98a8654b8ec287efec084e9ef40b9e') in 0.016128 seconds 
========================================================================
Received Import Request.
  Time since last request: 0.000029 seconds.
  path: Assets/Art/ElvGames/Fantasy Dreamland Reborn/Dungeon/Tiles/FDR_Dungeon_103.asset
  artifactKey: Guid(75d7d5a6e2b4b8d4d972df3e6e5eb963) Importer(815301076,1909f56bfc062723c751e8b465ee728b)
Start importing Assets/Art/ElvGames/Fantasy Dreamland Reborn/Dungeon/Tiles/FDR_Dungeon_103.asset using Guid(75d7d5a6e2b4b8d4d972df3e6e5eb963) Importer(815301076,1909f56bfc062723c751e8b465ee728b)  -> (artifact id: 'b826a46ed2eada1f75a5f5713cd7b96f') in 0.018579 seconds 
========================================================================
Received Import Request.
  Time since last request: 0.000027 seconds.
  path: Assets/Art/ElvGames/Fantasy Dreamland Reborn/Dungeon/Tiles/FDR_Dungeon_128.asset
  artifactKey: Guid(1b6bbc31895b5d042a3b1e052fed46d2) Importer(815301076,1909f56bfc062723c751e8b465ee728b)
Start importing Assets/Art/ElvGames/Fantasy Dreamland Reborn/Dungeon/Tiles/FDR_Dungeon_128.asset using Guid(1b6bbc31895b5d042a3b1e052fed46d2) Importer(815301076,1909f56bfc062723c751e8b465ee728b)  -> (artifact id: '4fb3aea2ec6fe8a5fd14701c610a8168') in 0.017622 seconds 
========================================================================
Received Import Request.
  Time since last request: 0.000030 seconds.
  path: Assets/Art/ElvGames/Fantasy Dreamland Reborn/Dungeon/Tiles/FDR_Dungeon_116.asset
  artifactKey: Guid(d5238bde10da7a54496e31d068030e0c) Importer(815301076,1909f56bfc062723c751e8b465ee728b)
Start importing Assets/Art/ElvGames/Fantasy Dreamland Reborn/Dungeon/Tiles/FDR_Dungeon_116.asset using Guid(d5238bde10da7a54496e31d068030e0c) Importer(815301076,1909f56bfc062723c751e8b465ee728b)  -> (artifact id: '78851975d86b1d8cf2c39b5f40963543') in 0.021309 seconds 
========================================================================
Received Import Request.
  Time since last request: 0.000042 seconds.
  path: Assets/Art/ElvGames/Fantasy Dreamland Reborn/Dungeon/Tiles/FDR_Dungeon_61.asset
  artifactKey: Guid(a165047fa83b66245a899bee45955bb8) Importer(815301076,1909f56bfc062723c751e8b465ee728b)
Start importing Assets/Art/ElvGames/Fantasy Dreamland Reborn/Dungeon/Tiles/FDR_Dungeon_61.asset using Guid(a165047fa83b66245a899bee45955bb8) Importer(815301076,1909f56bfc062723c751e8b465ee728b)  -> (artifact id: 'dfc1ca4aa4d29d4ccb4f15ab432836ee') in 0.014936 seconds 
========================================================================
Received Import Request.
  Time since last request: 0.000039 seconds.
  path: Assets/Art/ElvGames/Fantasy Dreamland Reborn/Dungeon/Tiles/FDR_Dungeon_16.asset
  artifactKey: Guid(4cebd0e2e384c5244bd2932a1d75aaf0) Importer(815301076,1909f56bfc062723c751e8b465ee728b)
Start importing Assets/Art/ElvGames/Fantasy Dreamland Reborn/Dungeon/Tiles/FDR_Dungeon_16.asset using Guid(4cebd0e2e384c5244bd2932a1d75aaf0) Importer(815301076,1909f56bfc062723c751e8b465ee728b)  -> (artifact id: 'fdc8a7c110e5f37a25905e105f8129e2') in 0.015820 seconds 
========================================================================
Received Import Request.
  Time since last request: 0.000041 seconds.
  path: Assets/Art/ElvGames/Fantasy Dreamland Reborn/Dungeon/Tiles/FDR_Dungeon_72.asset
  artifactKey: Guid(76968d6c4ae0a7848886d95da17bdccf) Importer(815301076,1909f56bfc062723c751e8b465ee728b)
Start importing Assets/Art/ElvGames/Fantasy Dreamland Reborn/Dungeon/Tiles/FDR_Dungeon_72.asset using Guid(76968d6c4ae0a7848886d95da17bdccf) Importer(815301076,1909f56bfc062723c751e8b465ee728b)  -> (artifact id: 'b6b86c791e72ec7a0540d1336e54a87c') in 0.012995 seconds 
========================================================================
Received Import Request.
  Time since last request: 0.000056 seconds.
  path: Assets/Art/ElvGames/Fantasy Dreamland Reborn/Dungeon/Tiles/FDR_Dungeon_131.asset
  artifactKey: Guid(9ca93084fbfdc444a892e2624dc0de8b) Importer(815301076,1909f56bfc062723c751e8b465ee728b)
Start importing Assets/Art/ElvGames/Fantasy Dreamland Reborn/Dungeon/Tiles/FDR_Dungeon_131.asset using Guid(9ca93084fbfdc444a892e2624dc0de8b) Importer(815301076,1909f56bfc062723c751e8b465ee728b)  -> (artifact id: '3c7fd7b4c1183bb18379591e125aa1d0') in 0.021503 seconds 
========================================================================
Received Import Request.
  Time since last request: 0.000076 seconds.
  path: Assets/Art/ElvGames/Fantasy Dreamland Reborn/Dungeon/Tiles/FDR_Dungeon_79.asset
  artifactKey: Guid(24dcade151e6b544a8b03656b0a27803) Importer(815301076,1909f56bfc062723c751e8b465ee728b)
Start importing Assets/Art/ElvGames/Fantasy Dreamland Reborn/Dungeon/Tiles/FDR_Dungeon_79.asset using Guid(24dcade151e6b544a8b03656b0a27803) Importer(815301076,1909f56bfc062723c751e8b465ee728b)  -> (artifact id: '2e815cacd41408135c8286f24453cce2') in 0.014253 seconds 
========================================================================
Received Import Request.
  Time since last request: 10.279577 seconds.
  path: Assets/Art/ElvGames/Fantasy Dreamland/UI/Character Faces/Faceset_005_48x48.png
  artifactKey: Guid(937a93d81280bd84e9b2e281274daebf) Importer(815301076,1909f56bfc062723c751e8b465ee728b)
Start importing Assets/Art/ElvGames/Fantasy Dreamland/UI/Character Faces/Faceset_005_48x48.png using Guid(937a93d81280bd84e9b2e281274daebf) Importer(815301076,1909f56bfc062723c751e8b465ee728b)  -> (artifact id: '19c8b4dac5149a4432fa51354fcdbadf') in 0.084217 seconds 
========================================================================
Received Import Request.
  Time since last request: 0.000084 seconds.
  path: Assets/Art/ElvGames/Fantasy Dreamland/UI/Character Faces/Faceset_032_48x48.png
  artifactKey: Guid(620b758a38df9eb41a61342b19db90f8) Importer(815301076,1909f56bfc062723c751e8b465ee728b)
Start importing Assets/Art/ElvGames/Fantasy Dreamland/UI/Character Faces/Faceset_032_48x48.png using Guid(620b758a38df9eb41a61342b19db90f8) Importer(815301076,1909f56bfc062723c751e8b465ee728b)  -> (artifact id: '61d5c75f78215434c40e85dc50b7eb12') in 0.038425 seconds 
========================================================================
Received Import Request.
  Time since last request: 0.000078 seconds.
  path: Assets/Art/ElvGames/Fantasy Dreamland/UI/Character Faces/Faceset_062_48x48.png
  artifactKey: Guid(77868601d399e1a418a55e712908158a) Importer(815301076,1909f56bfc062723c751e8b465ee728b)
Start importing Assets/Art/ElvGames/Fantasy Dreamland/UI/Character Faces/Faceset_062_48x48.png using Guid(77868601d399e1a418a55e712908158a) Importer(815301076,1909f56bfc062723c751e8b465ee728b)  -> (artifact id: 'dcb9540ca63dedc53ee6c8a606853bb9') in 0.047260 seconds 
========================================================================
Received Import Request.
  Time since last request: 0.000049 seconds.
  path: Assets/Art/ElvGames/Fantasy Dreamland/UI/Character Faces/Faceset_011_48x48.png
  artifactKey: Guid(6878ef4902f72354481a829e44df6b8b) Importer(815301076,1909f56bfc062723c751e8b465ee728b)
Start importing Assets/Art/ElvGames/Fantasy Dreamland/UI/Character Faces/Faceset_011_48x48.png using Guid(6878ef4902f72354481a829e44df6b8b) Importer(815301076,1909f56bfc062723c751e8b465ee728b)  -> (artifact id: '3b977c48ec39d33287729b94e679ad7b') in 0.043754 seconds 
========================================================================
Received Import Request.
  Time since last request: 0.000048 seconds.
  path: Assets/Art/ElvGames/Fantasy Dreamland/UI/Character Faces/Faceset_030_48x48.png
  artifactKey: Guid(6e200ab906276c44e94cd5ae12fb6950) Importer(815301076,1909f56bfc062723c751e8b465ee728b)
Start importing Assets/Art/ElvGames/Fantasy Dreamland/UI/Character Faces/Faceset_030_48x48.png using Guid(6e200ab906276c44e94cd5ae12fb6950) Importer(815301076,1909f56bfc062723c751e8b465ee728b)  -> (artifact id: '2cb2e42ee778c364976ec1c0a7f363a2') in 0.040590 seconds 
========================================================================
Received Import Request.
  Time since last request: 0.000058 seconds.
  path: Assets/Art/ElvGames/Fantasy Dreamland/UI/Character Faces/Faceset_059_48x48.png
  artifactKey: Guid(9328b70ed08df87479210ef230636dfe) Importer(815301076,1909f56bfc062723c751e8b465ee728b)
Start importing Assets/Art/ElvGames/Fantasy Dreamland/UI/Character Faces/Faceset_059_48x48.png using Guid(9328b70ed08df87479210ef230636dfe) Importer(815301076,1909f56bfc062723c751e8b465ee728b)  -> (artifact id: '620d57362b2ad54e6e0a83292dca5613') in 0.043617 seconds 
========================================================================
Received Import Request.
  Time since last request: 0.000031 seconds.
  path: Assets/Art/ElvGames/Fantasy Dreamland/UI/Character Faces/Faceset_022_48x48.png
  artifactKey: Guid(168309daa0813c74cbe2beef26341d23) Importer(815301076,1909f56bfc062723c751e8b465ee728b)
Start importing Assets/Art/ElvGames/Fantasy Dreamland/UI/Character Faces/Faceset_022_48x48.png using Guid(168309daa0813c74cbe2beef26341d23) Importer(815301076,1909f56bfc062723c751e8b465ee728b)  -> (artifact id: '9bb3b342859371c888938adf7691ce99') in 0.036180 seconds 
========================================================================
Received Import Request.
  Time since last request: 0.000076 seconds.
  path: Assets/Art/ElvGames/Fantasy Dreamland/UI/Character Faces/Faceset_026_48x48.png
  artifactKey: Guid(b9684f69ab4c23e40ad32e1766d05a32) Importer(815301076,1909f56bfc062723c751e8b465ee728b)
Start importing Assets/Art/ElvGames/Fantasy Dreamland/UI/Character Faces/Faceset_026_48x48.png using Guid(b9684f69ab4c23e40ad32e1766d05a32) Importer(815301076,1909f56bfc062723c751e8b465ee728b)  -> (artifact id: 'a795f0e1c2df8b3a82b404e5aa1f6204') in 0.035892 seconds 
========================================================================
Received Import Request.
  Time since last request: 0.000030 seconds.
  path: Assets/Art/ElvGames/Fantasy Dreamland/UI/Character Faces/Faceset_045_48x48.png
  artifactKey: Guid(2dd838c08a330cb4fb34bf8c45b5dbb8) Importer(815301076,1909f56bfc062723c751e8b465ee728b)
Start importing Assets/Art/ElvGames/Fantasy Dreamland/UI/Character Faces/Faceset_045_48x48.png using Guid(2dd838c08a330cb4fb34bf8c45b5dbb8) Importer(815301076,1909f56bfc062723c751e8b465ee728b)  -> (artifact id: '676a434b83afe5a3d49053fb867b5397') in 0.036746 seconds 
========================================================================
Received Import Request.
  Time since last request: 0.000059 seconds.
  path: Assets/Art/ElvGames/Fantasy Dreamland/UI/Character Faces/Faceset_048_48x48.png
  artifactKey: Guid(fd0839bc4905a1348a72c16fecdb13b2) Importer(815301076,1909f56bfc062723c751e8b465ee728b)
Start importing Assets/Art/ElvGames/Fantasy Dreamland/UI/Character Faces/Faceset_048_48x48.png using Guid(fd0839bc4905a1348a72c16fecdb13b2) Importer(815301076,1909f56bfc062723c751e8b465ee728b)  -> (artifact id: '97b60f129b1a4df9d39e2c9581747f95') in 0.033994 seconds 
========================================================================
Received Import Request.
  Time since last request: 0.000039 seconds.
  path: Assets/Art/ElvGames/Fantasy Dreamland/UI/Character Faces/Faceset_074_48x48.png
  artifactKey: Guid(94911daca06f22e4293f136c6610d44c) Importer(815301076,1909f56bfc062723c751e8b465ee728b)
Start importing Assets/Art/ElvGames/Fantasy Dreamland/UI/Character Faces/Faceset_074_48x48.png using Guid(94911daca06f22e4293f136c6610d44c) Importer(815301076,1909f56bfc062723c751e8b465ee728b)  -> (artifact id: '4d890857bc7eccf8fcaa593831df35dc') in 0.036721 seconds 
========================================================================
Received Import Request.
  Time since last request: 0.000040 seconds.
  path: Assets/Art/ElvGames/Fantasy Dreamland/UI/Character Faces/Faceset_016_48x48.png
  artifactKey: Guid(51c964b1718d7764b9c8821b0e592bbd) Importer(815301076,1909f56bfc062723c751e8b465ee728b)
Start importing Assets/Art/ElvGames/Fantasy Dreamland/UI/Character Faces/Faceset_016_48x48.png using Guid(51c964b1718d7764b9c8821b0e592bbd) Importer(815301076,1909f56bfc062723c751e8b465ee728b)  -> (artifact id: '6f060ae68bdd69e700ebe3906b3af0c5') in 0.035990 seconds 
========================================================================
Received Import Request.
  Time since last request: 0.000048 seconds.
  path: Assets/Art/ElvGames/Fantasy Dreamland/UI/Character Faces/Faceset_018_48x48.png
  artifactKey: Guid(86b06a4858894e24caedfa819be656b0) Importer(815301076,1909f56bfc062723c751e8b465ee728b)
Start importing Assets/Art/ElvGames/Fantasy Dreamland/UI/Character Faces/Faceset_018_48x48.png using Guid(86b06a4858894e24caedfa819be656b0) Importer(815301076,1909f56bfc062723c751e8b465ee728b)  -> (artifact id: 'a3387343d3e81e70e34410dc9ed76ba1') in 0.035935 seconds 
========================================================================
Received Import Request.
  Time since last request: 0.979198 seconds.
  path: Assets/Art/ElvGames/Fantasy Dreamland/UI/Inventory/Inventory_style_01a.png
  artifactKey: Guid(d46716125fd968049b04a444a0247d6a) Importer(815301076,1909f56bfc062723c751e8b465ee728b)
Start importing Assets/Art/ElvGames/Fantasy Dreamland/UI/Inventory/Inventory_style_01a.png using Guid(d46716125fd968049b04a444a0247d6a) Importer(815301076,1909f56bfc062723c751e8b465ee728b)  -> (artifact id: 'ceadb1215e78a77258865ea54185ef35') in 0.025067 seconds 
========================================================================
Received Import Request.
  Time since last request: 0.000036 seconds.
  path: Assets/Art/ElvGames/Fantasy Dreamland/UI/Inventory/Inventory_style_03d.png
  artifactKey: Guid(37ddacc74160168488c247f97f8819f2) Importer(815301076,1909f56bfc062723c751e8b465ee728b)
Start importing Assets/Art/ElvGames/Fantasy Dreamland/UI/Inventory/Inventory_style_03d.png using Guid(37ddacc74160168488c247f97f8819f2) Importer(815301076,1909f56bfc062723c751e8b465ee728b)  -> (artifact id: 'f8b7759b21d44260e71daee7f61f2719') in 0.024966 seconds 
Editor requested this worker to shutdown with reason: Scaling down because of idle timeout
AssetImportWorker is now disconnected from the server
Process exiting
Exiting without the bug reporter. Application will terminate with return code 0