Using pre-set license
Built from 'HEAD' branch; Version is '2021.3.15f1c1 (080beb55ecda) revision 527339'; Using compiler version '192829333'; Build Type 'Release'
OS: 'Windows 10  (10.0.19045) 64bit Professional' Language: 'zh' Physical Memory: 49100 MB
BatchMode: 1, IsHumanControllingUs: 0, StartBugReporterOnCrash: 0, Is64bit: 1, IsPro: 1

COMMAND LINE ARGUMENTS:
E:\Unity\Editor\2021.3.15f1c1\Editor\Unity.exe
-adb2
-batchMode
-noUpm
-name
AssetImportWorker1
-projectPath
F:/Unity/2DBearAdventure
-logFile
Logs/AssetImportWorker1.log
-srvPort
59549
Successfully changed project path to: F:/Unity/2DBearAdventure
F:/Unity/2DBearAdventure
[UnityMemory] Configuration Parameters - Can be set up in boot.config
    "memorysetup-bucket-allocator-granularity=16"
    "memorysetup-bucket-allocator-bucket-count=8"
    "memorysetup-bucket-allocator-block-size=33554432"
    "memorysetup-bucket-allocator-block-count=8"
    "memorysetup-main-allocator-block-size=16777216"
    "memorysetup-thread-allocator-block-size=16777216"
    "memorysetup-gfx-main-allocator-block-size=16777216"
    "memorysetup-gfx-thread-allocator-block-size=16777216"
    "memorysetup-cache-allocator-block-size=4194304"
    "memorysetup-typetree-allocator-block-size=2097152"
    "memorysetup-profiler-bucket-allocator-granularity=16"
    "memorysetup-profiler-bucket-allocator-bucket-count=8"
    "memorysetup-profiler-bucket-allocator-block-size=33554432"
    "memorysetup-profiler-bucket-allocator-block-count=8"
    "memorysetup-profiler-allocator-block-size=16777216"
    "memorysetup-profiler-editor-allocator-block-size=1048576"
    "memorysetup-temp-allocator-size-main=16777216"
    "memorysetup-job-temp-allocator-block-size=2097152"
    "memorysetup-job-temp-allocator-block-size-background=1048576"
    "memorysetup-job-temp-allocator-reduction-small-platforms=262144"
    "memorysetup-temp-allocator-size-background-worker=32768"
    "memorysetup-temp-allocator-size-job-worker=262144"
    "memorysetup-temp-allocator-size-preload-manager=33554432"
    "memorysetup-temp-allocator-size-nav-mesh-worker=65536"
    "memorysetup-temp-allocator-size-audio-worker=65536"
    "memorysetup-temp-allocator-size-cloud-worker=32768"
    "memorysetup-temp-allocator-size-gi-baking-worker=262144"
    "memorysetup-temp-allocator-size-gfx=262144"
Player connection [27208] Host "[IP] 192.168.2.114 [Port] 0 [Flags] 2 [Guid] 2341738417 [EditorId] 2341738417 [Version] 1048832 [Id] WindowsEditor(7,ZHENDONGJI-PC1L) [Debug] 1 [PackageName] WindowsEditor [ProjectName] Editor" joined multi-casting on [225.0.0.222:54997]...

Player connection [27208] Host "[IP] 192.168.2.114 [Port] 0 [Flags] 2 [Guid] 2341738417 [EditorId] 2341738417 [Version] 1048832 [Id] WindowsEditor(7,ZHENDONGJI-PC1L) [Debug] 1 [PackageName] WindowsEditor [ProjectName] Editor" joined alternative multi-casting on [225.0.0.222:34997]...

AS: AutoStreaming module initializing.
Refreshing native plugins compatible for Editor in 137.23 ms, found 4 plugins.
Preloading 0 native plugins for Editor in 0.00 ms.
Initialize engine version: 2021.3.15f1c1 (080beb55ecda)
[Subsystems] Discovering subsystems at path E:/Unity/Editor/2021.3.15f1c1/Editor/Data/Resources/UnitySubsystems
[Subsystems] Discovering subsystems at path F:/Unity/2DBearAdventure/Assets
GfxDevice: creating device client; threaded=0; jobified=0
Direct3D:
    Version:  Direct3D 11.0 [level 11.1]
    Renderer: NVIDIA GeForce RTX 2070 SUPER (ID=0x1e84)
    Vendor:   NVIDIA
    VRAM:     8003 MB
    Driver:   31.0.15.3623
Initialize mono
Mono path[0] = 'E:/Unity/Editor/2021.3.15f1c1/Editor/Data/Managed'
Mono path[1] = 'E:/Unity/Editor/2021.3.15f1c1/Editor/Data/MonoBleedingEdge/lib/mono/unityjit-win32'
Mono config path = 'E:/Unity/Editor/2021.3.15f1c1/Editor/Data/MonoBleedingEdge/etc'
Using monoOptions --debugger-agent=transport=dt_socket,embedding=1,server=y,suspend=n,address=127.0.0.1:56220
Begin MonoManager ReloadAssembly
Registering precompiled unity dll's ...
Register platform support module: E:/Unity/Editor/2021.3.15f1c1/Editor/Data/PlaybackEngines/WindowsStandaloneSupport/UnityEditor.WindowsStandalone.Extensions.dll
Registered in 0.003073 seconds.
Native extension for WindowsStandalone target not found
Refreshing native plugins compatible for Editor in 134.40 ms, found 4 plugins.
Preloading 0 native plugins for Editor in 0.00 ms.
Mono: successfully reloaded assembly
- Completed reload, in  0.642 seconds
Domain Reload Profiling:
	ReloadAssembly (643ms)
		BeginReloadAssembly (65ms)
			ExecutionOrderSort (0ms)
			DisableScriptedObjects (0ms)
			BackupInstance (0ms)
			ReleaseScriptingObjects (0ms)
			CreateAndSetChildDomain (1ms)
		EndReloadAssembly (481ms)
			LoadAssemblies (62ms)
			RebuildTransferFunctionScriptingTraits (0ms)
			SetupTypeCache (96ms)
			ReleaseScriptCaches (0ms)
			RebuildScriptCaches (33ms)
			SetupLoadedEditorAssemblies (304ms)
				LogAssemblyErrors (0ms)
				InitializePlatformSupportModulesInManaged (8ms)
				SetLoadedEditorAssemblies (0ms)
				RefreshPlugins (134ms)
				BeforeProcessingInitializeOnLoad (1ms)
				ProcessInitializeOnLoadAttributes (119ms)
				ProcessInitializeOnLoadMethodAttributes (41ms)
				AfterProcessingInitializeOnLoad (0ms)
				EditorAssembliesLoaded (0ms)
			ExecutionOrderSort2 (0ms)
			AwakeInstancesAfterBackupRestoration (0ms)
Platform modules already initialized, skipping
Registering precompiled user dll's ...
Registered in 0.010836 seconds.
Begin MonoManager ReloadAssembly
Symbol file LoadedFromMemory doesn't match image F:\Unity\2DBearAdventure\Library\PackageCache\com.unity.visualscripting@1.7.8\Editor\VisualScripting.Core\Dependencies\YamlDotNet\Unity.VisualScripting.YamlDotNet.dll
Symbol file LoadedFromMemory doesn't match image F:\Unity\2DBearAdventure\Library\PackageCache\com.unity.visualscripting@1.7.8\Editor\VisualScripting.Core\Dependencies\DotNetZip\Unity.VisualScripting.IonicZip.dll
Native extension for WindowsStandalone target not found
Refreshing native plugins compatible for Editor in 151.38 ms, found 4 plugins.
Preloading 0 native plugins for Editor in 0.00 ms.
Mono: successfully reloaded assembly
- Completed reload, in  1.517 seconds
Domain Reload Profiling:
	ReloadAssembly (1518ms)
		BeginReloadAssembly (110ms)
			ExecutionOrderSort (0ms)
			DisableScriptedObjects (6ms)
			BackupInstance (0ms)
			ReleaseScriptingObjects (0ms)
			CreateAndSetChildDomain (25ms)
		EndReloadAssembly (1295ms)
			LoadAssemblies (84ms)
			RebuildTransferFunctionScriptingTraits (0ms)
			SetupTypeCache (272ms)
			ReleaseScriptCaches (1ms)
			RebuildScriptCaches (83ms)
			SetupLoadedEditorAssemblies (794ms)
				LogAssemblyErrors (0ms)
				InitializePlatformSupportModulesInManaged (4ms)
				SetLoadedEditorAssemblies (0ms)
				RefreshPlugins (151ms)
				BeforeProcessingInitializeOnLoad (159ms)
				ProcessInitializeOnLoadAttributes (357ms)
				ProcessInitializeOnLoadMethodAttributes (113ms)
				AfterProcessingInitializeOnLoad (8ms)
				EditorAssembliesLoaded (0ms)
			ExecutionOrderSort2 (0ms)
			AwakeInstancesAfterBackupRestoration (7ms)
Platform modules already initialized, skipping
========================================================================
Worker process is ready to serve import requests
Launched and connected shader compiler UnityShaderCompiler.exe after 0.06 seconds
Refreshing native plugins compatible for Editor in 1.66 ms, found 4 plugins.
Preloading 0 native plugins for Editor in 0.00 ms.
Unloading 5767 Unused Serialized files (Serialized files now loaded: 0)
Unloading 74 unused Assets / (2.2 MB). Loaded Objects now: 6202.
Memory consumption went from 231.7 MB to 229.5 MB.
Total: 7.342200 ms (FindLiveObjects: 0.721700 ms CreateObjectMapping: 0.166800 ms MarkObjects: 4.882300 ms  DeleteObjects: 1.569100 ms)

AssetImportParameters requested are different than current active one (requested -> active):
  custom:video-decoder-ogg-theora: a1e56fd34408186e4bbccfd4996cb3dc -> 
  custom:container-muxer-webm: aa71ff27fc2769a1b78a27578f13a17b -> 
  custom:container-demuxer-webm: 4f35f7cbe854078d1ac9338744f61a02 -> 
  custom:video-encoder-webm-vp8: eb34c28f22e8b96e1ab97ce403110664 -> 
  custom:audio-encoder-webm-vorbis: bf7c407c2cedff20999df2af8eb42d56 -> 
  custom:framework-win-MediaFoundation: 216162199b28c13a410421893ffa2e32 -> 
  custom:container-demuxer-ogg: 62fdf1f143b41e24485cea50d1cbac27 -> 
  custom:video-decoder-webm-vp8: 9c59270c3fd7afecdb556c50c9e8de78 -> 
  custom:audio-decoder-ogg-vorbis: bf7c407c2cedff20999df2af8eb42d56 -> 
========================================================================
Received Import Request.
  Time since last request: 303406.387142 seconds.
  path: Assets/Fantazia Animated 2D Monsters/Prefabs/Monster_101_Hamy Alemerald.prefab
  artifactKey: Guid(231c67424e6be7d448939772d234970a) Importer(815301076,1909f56bfc062723c751e8b465ee728b)
Start importing Assets/Fantazia Animated 2D Monsters/Prefabs/Monster_101_Hamy Alemerald.prefab using Guid(231c67424e6be7d448939772d234970a) Importer(815301076,1909f56bfc062723c751e8b465ee728b)  -> (artifact id: '2e52c1eb9e59a1c2ffa10b88ea58edfc') in 0.082037 seconds 
========================================================================
Received Import Request.
  Time since last request: 0.000052 seconds.
  path: Assets/Fantazia Animated 2D Monsters/Prefabs/Monster_8_Slime.prefab
  artifactKey: Guid(1c102c09daeada64fbc7985a01dc548d) Importer(815301076,1909f56bfc062723c751e8b465ee728b)
Start importing Assets/Fantazia Animated 2D Monsters/Prefabs/Monster_8_Slime.prefab using Guid(1c102c09daeada64fbc7985a01dc548d) Importer(815301076,1909f56bfc062723c751e8b465ee728b)  -> (artifact id: '45c6c1ae5bbe004cc7d6d8ab6a27b5de') in 0.013003 seconds 
========================================================================
Received Import Request.
  Time since last request: 0.000040 seconds.
  path: Assets/Fantazia Animated 2D Monsters/Example/bg.png
  artifactKey: Guid(fb08f98c62a59784cb59590ab191bb3a) Importer(815301076,1909f56bfc062723c751e8b465ee728b)
Start importing Assets/Fantazia Animated 2D Monsters/Example/bg.png using Guid(fb08f98c62a59784cb59590ab191bb3a) Importer(815301076,1909f56bfc062723c751e8b465ee728b)  -> (artifact id: '0d341ec6ef189c015eacc1564001b2e0') in 0.334653 seconds 
========================================================================
Received Import Request.
  Time since last request: 0.000041 seconds.
  path: Assets/Fantazia Animated 2D Monsters/Prefabs/Monster_9_Evil Slime.prefab
  artifactKey: Guid(bf9070cc71aa742448b0cb9c177aace0) Importer(815301076,1909f56bfc062723c751e8b465ee728b)
Start importing Assets/Fantazia Animated 2D Monsters/Prefabs/Monster_9_Evil Slime.prefab using Guid(bf9070cc71aa742448b0cb9c177aace0) Importer(815301076,1909f56bfc062723c751e8b465ee728b)  -> (artifact id: '8079a1f0c462c9ddb7dc2d8f83d054f5') in 0.012311 seconds 
========================================================================
Received Import Request.
  Time since last request: 0.000055 seconds.
  path: Assets/Fantazia Animated 2D Monsters/Prefabs/Monster_37_Fall Tree.prefab
  artifactKey: Guid(84d91ccde0cfde94d82f6355e23e9368) Importer(815301076,1909f56bfc062723c751e8b465ee728b)
Start importing Assets/Fantazia Animated 2D Monsters/Prefabs/Monster_37_Fall Tree.prefab using Guid(84d91ccde0cfde94d82f6355e23e9368) Importer(815301076,1909f56bfc062723c751e8b465ee728b)  -> (artifact id: '712d633e9369545a59d53225d04447d9') in 0.013453 seconds 
========================================================================
Received Import Request.
  Time since last request: 0.000033 seconds.
  path: Assets/Fantazia Animated 2D Monsters/Prefabs/Monster_26_Floating Steel.prefab
  artifactKey: Guid(314d1aeee6d26cd4ca565a22a479cebe) Importer(815301076,1909f56bfc062723c751e8b465ee728b)
Start importing Assets/Fantazia Animated 2D Monsters/Prefabs/Monster_26_Floating Steel.prefab using Guid(314d1aeee6d26cd4ca565a22a479cebe) Importer(815301076,1909f56bfc062723c751e8b465ee728b)  -> (artifact id: 'c979ccc1288e37978db879dd89b3ed13') in 0.013782 seconds 
========================================================================
Received Import Request.
  Time since last request: 0.000034 seconds.
  path: Assets/Fantazia Animated 2D Monsters/Prefabs/Monster_17_Mace Shadow.prefab
  artifactKey: Guid(51c4418660e752f4f8b77ef60bec8381) Importer(815301076,1909f56bfc062723c751e8b465ee728b)
Start importing Assets/Fantazia Animated 2D Monsters/Prefabs/Monster_17_Mace Shadow.prefab using Guid(51c4418660e752f4f8b77ef60bec8381) Importer(815301076,1909f56bfc062723c751e8b465ee728b)  -> (artifact id: 'da6cda678c3d776babe4553f1d316070') in 0.017101 seconds 
========================================================================
Received Import Request.
  Time since last request: 0.000032 seconds.
  path: Assets/Fantazia Animated 2D Monsters/Prefabs/Monster_66_Toxic Mushroom.prefab
  artifactKey: Guid(b6d6b72c1be81414f82129d09664e7ad) Importer(815301076,1909f56bfc062723c751e8b465ee728b)
Start importing Assets/Fantazia Animated 2D Monsters/Prefabs/Monster_66_Toxic Mushroom.prefab using Guid(b6d6b72c1be81414f82129d09664e7ad) Importer(815301076,1909f56bfc062723c751e8b465ee728b)  -> (artifact id: '9a46421911134d8aa2963e6190561bbd') in 0.012041 seconds 
========================================================================
Received Import Request.
  Time since last request: 0.000039 seconds.
  path: Assets/Fantazia Animated 2D Monsters/Example/ExampleScene.unity
  artifactKey: Guid(85b3e8a0893d38b409e85cc8e2f0c6e2) Importer(815301076,1909f56bfc062723c751e8b465ee728b)
Start importing Assets/Fantazia Animated 2D Monsters/Example/ExampleScene.unity using Guid(85b3e8a0893d38b409e85cc8e2f0c6e2) Importer(815301076,1909f56bfc062723c751e8b465ee728b)  -> (artifact id: 'ccc69e489e552906327d8f868d3dff31') in 0.010442 seconds 
========================================================================
Received Import Request.
  Time since last request: 0.000042 seconds.
  path: Assets/Fantazia Animated 2D Monsters/Prefabs/Monster_20_Saw Shadow.prefab
  artifactKey: Guid(1fbc5734039db804a8ac5a99f018b4a4) Importer(815301076,1909f56bfc062723c751e8b465ee728b)
Start importing Assets/Fantazia Animated 2D Monsters/Prefabs/Monster_20_Saw Shadow.prefab using Guid(1fbc5734039db804a8ac5a99f018b4a4) Importer(815301076,1909f56bfc062723c751e8b465ee728b)  -> (artifact id: 'ec85ceff85a00a1891e4c56637f490ea') in 0.012704 seconds 
========================================================================
Received Import Request.
  Time since last request: 0.000039 seconds.
  path: Assets/Fantazia Animated 2D Monsters/Prefabs/Monster_74_Corrupted Defender.prefab
  artifactKey: Guid(b5248495bb827f142bf9cebd1ef7a37b) Importer(815301076,1909f56bfc062723c751e8b465ee728b)
Start importing Assets/Fantazia Animated 2D Monsters/Prefabs/Monster_74_Corrupted Defender.prefab using Guid(b5248495bb827f142bf9cebd1ef7a37b) Importer(815301076,1909f56bfc062723c751e8b465ee728b)  -> (artifact id: 'e5cc36dfefcd16138050ffb11d8abfcd') in 0.011995 seconds 
========================================================================
Received Import Request.
  Time since last request: 0.000032 seconds.
  path: Assets/Fantazia Animated 2D Monsters/Prefabs/Monster_51_Dark Flower.prefab
  artifactKey: Guid(5661936bc8a47214f94343e285552162) Importer(815301076,1909f56bfc062723c751e8b465ee728b)
Start importing Assets/Fantazia Animated 2D Monsters/Prefabs/Monster_51_Dark Flower.prefab using Guid(5661936bc8a47214f94343e285552162) Importer(815301076,1909f56bfc062723c751e8b465ee728b)  -> (artifact id: '8d35eca1552ebababbfc774ab6f8aa5a') in 0.012101 seconds 
========================================================================
Received Import Request.
  Time since last request: 0.000033 seconds.
  path: Assets/Fantazia Animated 2D Monsters/Prefabs/Monster_4_Armored Salamander.prefab
  artifactKey: Guid(10750a68cc032594e85dd9a7dbf2e439) Importer(815301076,1909f56bfc062723c751e8b465ee728b)
Start importing Assets/Fantazia Animated 2D Monsters/Prefabs/Monster_4_Armored Salamander.prefab using Guid(10750a68cc032594e85dd9a7dbf2e439) Importer(815301076,1909f56bfc062723c751e8b465ee728b)  -> (artifact id: '2efd3c15bab31dd464b4f5f9859f6312') in 0.012593 seconds 
========================================================================
Received Import Request.
  Time since last request: 0.000036 seconds.
  path: Assets/Fantazia Animated 2D Monsters/Prefabs/Monster_68_Scythe Ghost.prefab
  artifactKey: Guid(8a17bcfa706783642950c759238bc6b9) Importer(815301076,1909f56bfc062723c751e8b465ee728b)
Start importing Assets/Fantazia Animated 2D Monsters/Prefabs/Monster_68_Scythe Ghost.prefab using Guid(8a17bcfa706783642950c759238bc6b9) Importer(815301076,1909f56bfc062723c751e8b465ee728b)  -> (artifact id: 'c7b63428d943dbc1d64cd8108d378480') in 0.013094 seconds 
========================================================================
Received Import Request.
  Time since last request: 0.000047 seconds.
  path: Assets/Fantazia Animated 2D Monsters/Prefabs/Monster_102_Hamy Alsapphire.prefab
  artifactKey: Guid(a5d8cb61c0e3400449e7209e794c54f3) Importer(815301076,1909f56bfc062723c751e8b465ee728b)
Start importing Assets/Fantazia Animated 2D Monsters/Prefabs/Monster_102_Hamy Alsapphire.prefab using Guid(a5d8cb61c0e3400449e7209e794c54f3) Importer(815301076,1909f56bfc062723c751e8b465ee728b)  -> (artifact id: 'dd028b9ba65e594af743b31815e1b94c') in 0.012515 seconds 
========================================================================
Received Import Request.
  Time since last request: 0.000038 seconds.
  path: Assets/Fantazia Animated 2D Monsters/Prefabs/Monster_16_Sword Shadow.prefab
  artifactKey: Guid(31d7392d738c40546b71acebf59df247) Importer(815301076,1909f56bfc062723c751e8b465ee728b)
Start importing Assets/Fantazia Animated 2D Monsters/Prefabs/Monster_16_Sword Shadow.prefab using Guid(31d7392d738c40546b71acebf59df247) Importer(815301076,1909f56bfc062723c751e8b465ee728b)  -> (artifact id: 'cc4805dfe1c55a2e77f832598e9cb8ca') in 0.011570 seconds 
========================================================================
Received Import Request.
  Time since last request: 0.000029 seconds.
  path: Assets/Fantazia Animated 2D Monsters/Prefabs/Monster_89_Sea Snail.prefab
  artifactKey: Guid(ee7b0947a63f410468790bb7ee52aae0) Importer(815301076,1909f56bfc062723c751e8b465ee728b)
Start importing Assets/Fantazia Animated 2D Monsters/Prefabs/Monster_89_Sea Snail.prefab using Guid(ee7b0947a63f410468790bb7ee52aae0) Importer(815301076,1909f56bfc062723c751e8b465ee728b)  -> (artifact id: 'de1b4b84cc96a968b3a4908688ecb4fb') in 0.011880 seconds 
========================================================================
Received Import Request.
  Time since last request: 0.000032 seconds.
  path: Assets/Fantazia Animated 2D Monsters/Prefabs/Monster_63_Axe Block.prefab
  artifactKey: Guid(79dd860cbf2f6df42b60418234f75490) Importer(815301076,1909f56bfc062723c751e8b465ee728b)
Start importing Assets/Fantazia Animated 2D Monsters/Prefabs/Monster_63_Axe Block.prefab using Guid(79dd860cbf2f6df42b60418234f75490) Importer(815301076,1909f56bfc062723c751e8b465ee728b)  -> (artifact id: '15313c085c03aa023fb72558e1cce82c') in 0.010937 seconds 
========================================================================
Received Import Request.
  Time since last request: 0.000042 seconds.
  path: Assets/Fantazia Animated 2D Monsters/Prefabs/Monster_34_Lightning Rabbit.prefab
  artifactKey: Guid(af8565159303f6f4ebe41790de2ce73c) Importer(815301076,1909f56bfc062723c751e8b465ee728b)
Start importing Assets/Fantazia Animated 2D Monsters/Prefabs/Monster_34_Lightning Rabbit.prefab using Guid(af8565159303f6f4ebe41790de2ce73c) Importer(815301076,1909f56bfc062723c751e8b465ee728b)  -> (artifact id: 'b75e49ab5acd73a32e59b995833713d5') in 0.012596 seconds 
========================================================================
Received Import Request.
  Time since last request: 0.000031 seconds.
  path: Assets/Fantazia Animated 2D Monsters/Prefabs/Monster_84_Desert Raptor.prefab
  artifactKey: Guid(15f08daf51ba5aa43b52857da771118b) Importer(815301076,1909f56bfc062723c751e8b465ee728b)
Start importing Assets/Fantazia Animated 2D Monsters/Prefabs/Monster_84_Desert Raptor.prefab using Guid(15f08daf51ba5aa43b52857da771118b) Importer(815301076,1909f56bfc062723c751e8b465ee728b)  -> (artifact id: '06740648dc8bd37806799a785f4f67fd') in 0.011746 seconds 
========================================================================
Received Import Request.
  Time since last request: 0.000031 seconds.
  path: Assets/Fantazia Animated 2D Monsters/Prefabs/Monster_40_Fire Wolf.prefab
  artifactKey: Guid(3442179da1a9f5049a54ab5f9f093215) Importer(815301076,1909f56bfc062723c751e8b465ee728b)
Start importing Assets/Fantazia Animated 2D Monsters/Prefabs/Monster_40_Fire Wolf.prefab using Guid(3442179da1a9f5049a54ab5f9f093215) Importer(815301076,1909f56bfc062723c751e8b465ee728b)  -> (artifact id: '64a56d5186069bffa96d375cb26ea46a') in 0.010508 seconds 
========================================================================
Received Import Request.
  Time since last request: 0.000030 seconds.
  path: Assets/Fantazia Animated 2D Monsters/Prefabs/Monster_49_Gas Planet.prefab
  artifactKey: Guid(6b4add7d85fe24945b4dca34b0b7fecd) Importer(815301076,1909f56bfc062723c751e8b465ee728b)
Start importing Assets/Fantazia Animated 2D Monsters/Prefabs/Monster_49_Gas Planet.prefab using Guid(6b4add7d85fe24945b4dca34b0b7fecd) Importer(815301076,1909f56bfc062723c751e8b465ee728b)  -> (artifact id: '7e715cbd6585a888b1d340589c625ca0') in 0.010350 seconds 
========================================================================
Received Import Request.
  Time since last request: 0.000886 seconds.
  path: Assets/Fantazia Animated 2D Monsters/Prefabs/Monster_10_Bird Slime.prefab
  artifactKey: Guid(40c9d9629f879bd49ba0d0561bfa3585) Importer(815301076,1909f56bfc062723c751e8b465ee728b)
Start importing Assets/Fantazia Animated 2D Monsters/Prefabs/Monster_10_Bird Slime.prefab using Guid(40c9d9629f879bd49ba0d0561bfa3585) Importer(815301076,1909f56bfc062723c751e8b465ee728b)  -> (artifact id: '62a41b0f857b46dbdf6650ecb1cb6322') in 0.011280 seconds 
========================================================================
Received Import Request.
  Time since last request: 0.000027 seconds.
  path: Assets/Fantazia Animated 2D Monsters/Prefabs/Monster_14_Magma Golem.prefab
  artifactKey: Guid(339e8a99cfee19844866ff1be94bfa3c) Importer(815301076,1909f56bfc062723c751e8b465ee728b)
Start importing Assets/Fantazia Animated 2D Monsters/Prefabs/Monster_14_Magma Golem.prefab using Guid(339e8a99cfee19844866ff1be94bfa3c) Importer(815301076,1909f56bfc062723c751e8b465ee728b)  -> (artifact id: '9c3894121f35f89ecf6b29b5d128b6d2') in 0.011749 seconds 
========================================================================
Received Import Request.
  Time since last request: 0.000043 seconds.
  path: Assets/Fantazia Animated 2D Monsters/Prefabs/Monster_36_Spring Tree.prefab
  artifactKey: Guid(ee45a6c5c7c27aa42808cbba06d1abe3) Importer(815301076,1909f56bfc062723c751e8b465ee728b)
Start importing Assets/Fantazia Animated 2D Monsters/Prefabs/Monster_36_Spring Tree.prefab using Guid(ee45a6c5c7c27aa42808cbba06d1abe3) Importer(815301076,1909f56bfc062723c751e8b465ee728b)  -> (artifact id: 'e7b147ffff95bc62ffebe5cacc0436a2') in 0.011409 seconds 
========================================================================
Received Import Request.
  Time since last request: 0.000044 seconds.
  path: Assets/Fantazia Animated 2D Monsters/Prefabs/Monster_44_Earth.prefab
  artifactKey: Guid(54110ad4bd610404bb0be2586ecbab8f) Importer(815301076,1909f56bfc062723c751e8b465ee728b)
Start importing Assets/Fantazia Animated 2D Monsters/Prefabs/Monster_44_Earth.prefab using Guid(54110ad4bd610404bb0be2586ecbab8f) Importer(815301076,1909f56bfc062723c751e8b465ee728b)  -> (artifact id: '90684d2069c9f4a3f68f51eab974d107') in 0.011020 seconds 
========================================================================
Received Import Request.
  Time since last request: 0.000057 seconds.
  path: Assets/Fantazia Animated 2D Monsters/Prefabs/Monster_94_Frost Lizard.prefab
  artifactKey: Guid(3923fce8e72215f4199b5abcc2918537) Importer(815301076,1909f56bfc062723c751e8b465ee728b)
Start importing Assets/Fantazia Animated 2D Monsters/Prefabs/Monster_94_Frost Lizard.prefab using Guid(3923fce8e72215f4199b5abcc2918537) Importer(815301076,1909f56bfc062723c751e8b465ee728b)  -> (artifact id: '3fcd49a962f315b37764918051c1069c') in 0.012623 seconds 
========================================================================
Received Import Request.
  Time since last request: 0.000027 seconds.
  path: Assets/Fantazia Animated 2D Monsters/Prefabs/Monster_54_Mossy Crab.prefab
  artifactKey: Guid(82334823f992d3e449b1961f4f3ec92b) Importer(815301076,1909f56bfc062723c751e8b465ee728b)
Start importing Assets/Fantazia Animated 2D Monsters/Prefabs/Monster_54_Mossy Crab.prefab using Guid(82334823f992d3e449b1961f4f3ec92b) Importer(815301076,1909f56bfc062723c751e8b465ee728b)  -> (artifact id: '3d987193dd3763440e32edd8a2e6a2b7') in 0.012969 seconds 
========================================================================
Received Import Request.
  Time since last request: 0.000031 seconds.
  path: Assets/Fantazia Animated 2D Monsters/Prefabs/Monster_56_Magma Turtle.prefab
  artifactKey: Guid(e2b4bedb01b39fc489a557f32e83226d) Importer(815301076,1909f56bfc062723c751e8b465ee728b)
Start importing Assets/Fantazia Animated 2D Monsters/Prefabs/Monster_56_Magma Turtle.prefab using Guid(e2b4bedb01b39fc489a557f32e83226d) Importer(815301076,1909f56bfc062723c751e8b465ee728b)  -> (artifact id: 'b5b4f00f257646051eef5dce8f136e9f') in 0.010165 seconds 
========================================================================
Received Import Request.
  Time since last request: 0.000039 seconds.
  path: Assets/Fantazia Animated 2D Monsters/Prefabs/Monster_7_Chained Yeti.prefab
  artifactKey: Guid(3284c2a16d253f04d9ee5698f0ffd5ad) Importer(815301076,1909f56bfc062723c751e8b465ee728b)
Start importing Assets/Fantazia Animated 2D Monsters/Prefabs/Monster_7_Chained Yeti.prefab using Guid(3284c2a16d253f04d9ee5698f0ffd5ad) Importer(815301076,1909f56bfc062723c751e8b465ee728b)  -> (artifact id: 'da0ebea9191f4e9936475dbe8de70940') in 0.012919 seconds 
========================================================================
Received Import Request.
  Time since last request: 0.000032 seconds.
  path: Assets/Fantazia Animated 2D Monsters/Prefabs/Monster_58_Rock Turtle.prefab
  artifactKey: Guid(210b8896cb20f4249a3170845a7abf10) Importer(815301076,1909f56bfc062723c751e8b465ee728b)
Start importing Assets/Fantazia Animated 2D Monsters/Prefabs/Monster_58_Rock Turtle.prefab using Guid(210b8896cb20f4249a3170845a7abf10) Importer(815301076,1909f56bfc062723c751e8b465ee728b)  -> (artifact id: '267322381788ef85142a7173b00f6705') in 0.010962 seconds 
========================================================================
Received Import Request.
  Time since last request: 0.000035 seconds.
  path: Assets/Fantazia Animated 2D Monsters/Prefabs/Monster_12_Glop Slime.prefab
  artifactKey: Guid(a15480e83990a6c438372548c7c86f76) Importer(815301076,1909f56bfc062723c751e8b465ee728b)
Start importing Assets/Fantazia Animated 2D Monsters/Prefabs/Monster_12_Glop Slime.prefab using Guid(a15480e83990a6c438372548c7c86f76) Importer(815301076,1909f56bfc062723c751e8b465ee728b)  -> (artifact id: '5d07c36fbccd9bc5ec06de7270e2eb6e') in 0.017167 seconds 
========================================================================
Received Import Request.
  Time since last request: 0.000045 seconds.
  path: Assets/Fantazia Animated 2D Monsters/Prefabs/Monster_80_Mummy.prefab
  artifactKey: Guid(b3c9ba15efd92dd4d9af0bc4a3fbdf28) Importer(815301076,1909f56bfc062723c751e8b465ee728b)
Start importing Assets/Fantazia Animated 2D Monsters/Prefabs/Monster_80_Mummy.prefab using Guid(b3c9ba15efd92dd4d9af0bc4a3fbdf28) Importer(815301076,1909f56bfc062723c751e8b465ee728b)  -> (artifact id: 'b961119a9b1b1b48aa145f6a70eaa741') in 0.012526 seconds 
========================================================================
Received Import Request.
  Time since last request: 0.000030 seconds.
  path: Assets/Fantazia Animated 2D Monsters/Prefabs/Monster_27_Fire Dragon.prefab
  artifactKey: Guid(6bf15c32cf527a64e8aafb169cb4f3e4) Importer(815301076,1909f56bfc062723c751e8b465ee728b)
Start importing Assets/Fantazia Animated 2D Monsters/Prefabs/Monster_27_Fire Dragon.prefab using Guid(6bf15c32cf527a64e8aafb169cb4f3e4) Importer(815301076,1909f56bfc062723c751e8b465ee728b)  -> (artifact id: 'ae5c7ba901c6122bc171f38e059c3dad') in 0.012028 seconds 
========================================================================
Received Import Request.
  Time since last request: 0.000037 seconds.
  path: Assets/Fantazia Animated 2D Monsters/Prefabs/Monster_79_Zombie.prefab
  artifactKey: Guid(e8e2c4f402738dd45826b9fdac4c3501) Importer(815301076,1909f56bfc062723c751e8b465ee728b)
Start importing Assets/Fantazia Animated 2D Monsters/Prefabs/Monster_79_Zombie.prefab using Guid(e8e2c4f402738dd45826b9fdac4c3501) Importer(815301076,1909f56bfc062723c751e8b465ee728b)  -> (artifact id: '0aeaee108fc2cc6ff29c038774f1c173') in 0.010337 seconds 
========================================================================
Received Import Request.
  Time since last request: 0.000036 seconds.
  path: Assets/Fantazia Animated 2D Monsters/Prefabs/Monster_23_Skeleton Pirate.prefab
  artifactKey: Guid(2ef534b24446a2943a7b5b859f32e407) Importer(815301076,1909f56bfc062723c751e8b465ee728b)
Start importing Assets/Fantazia Animated 2D Monsters/Prefabs/Monster_23_Skeleton Pirate.prefab using Guid(2ef534b24446a2943a7b5b859f32e407) Importer(815301076,1909f56bfc062723c751e8b465ee728b)  -> (artifact id: '55a335de0e89bb91a10caba8c957cf8d') in 0.012744 seconds 
========================================================================
Received Import Request.
  Time since last request: 0.000050 seconds.
  path: Assets/Fantazia Animated 2D Monsters/Example/RoundedSq.png
  artifactKey: Guid(d79ead0bd707d58419a47c1cab5a04f3) Importer(815301076,1909f56bfc062723c751e8b465ee728b)
Start importing Assets/Fantazia Animated 2D Monsters/Example/RoundedSq.png using Guid(d79ead0bd707d58419a47c1cab5a04f3) Importer(815301076,1909f56bfc062723c751e8b465ee728b)  -> (artifact id: '16b4239d5f2d330ea2130f1ecf416b3c') in 0.022211 seconds 
========================================================================
Received Import Request.
  Time since last request: 0.000029 seconds.
  path: Assets/Fantazia Animated 2D Monsters/Prefabs/Monster_48_Purple Planet.prefab
  artifactKey: Guid(7ff7d45b1c04ed64d9e8deca2d34d0b2) Importer(815301076,1909f56bfc062723c751e8b465ee728b)
Start importing Assets/Fantazia Animated 2D Monsters/Prefabs/Monster_48_Purple Planet.prefab using Guid(7ff7d45b1c04ed64d9e8deca2d34d0b2) Importer(815301076,1909f56bfc062723c751e8b465ee728b)  -> (artifact id: '6e87927e561bffa591ad561bd9f0a835') in 0.013452 seconds 
========================================================================
Received Import Request.
  Time since last request: 0.000037 seconds.
  path: Assets/Fantazia Animated 2D Monsters/Prefabs/Monster_55_Magma Crab.prefab
  artifactKey: Guid(da3c444575063364c9c1bc0200686da4) Importer(815301076,1909f56bfc062723c751e8b465ee728b)
Start importing Assets/Fantazia Animated 2D Monsters/Prefabs/Monster_55_Magma Crab.prefab using Guid(da3c444575063364c9c1bc0200686da4) Importer(815301076,1909f56bfc062723c751e8b465ee728b)  -> (artifact id: '943cd35b8d11df4a4efeecde11d734e1') in 0.015225 seconds 
========================================================================
Received Import Request.
  Time since last request: 0.000033 seconds.
  path: Assets/Fantazia Animated 2D Monsters/Prefabs/Monster_59_Grass Turtle.prefab
  artifactKey: Guid(89ef2cff74223154aa27b3fd41acbb2f) Importer(815301076,1909f56bfc062723c751e8b465ee728b)
Start importing Assets/Fantazia Animated 2D Monsters/Prefabs/Monster_59_Grass Turtle.prefab using Guid(89ef2cff74223154aa27b3fd41acbb2f) Importer(815301076,1909f56bfc062723c751e8b465ee728b)  -> (artifact id: 'cdeb16a3824059b3f757b80fac64a02d') in 0.014003 seconds 
========================================================================
Received Import Request.
  Time since last request: 0.000063 seconds.
  path: Assets/Fantazia Animated 2D Monsters/Prefabs/Monster_31_Water Rabbit.prefab
  artifactKey: Guid(3849371b2d014184fbe033dcdb91a8d7) Importer(815301076,1909f56bfc062723c751e8b465ee728b)
Start importing Assets/Fantazia Animated 2D Monsters/Prefabs/Monster_31_Water Rabbit.prefab using Guid(3849371b2d014184fbe033dcdb91a8d7) Importer(815301076,1909f56bfc062723c751e8b465ee728b)  -> (artifact id: '2879d69f93ccac321fd80ee372753033') in 0.012105 seconds 
========================================================================
Received Import Request.
  Time since last request: 0.000111 seconds.
  path: Assets/Fantazia Animated 2D Monsters/Prefabs/Monster_78_Extinct Ox.prefab
  artifactKey: Guid(95ad533191fe05e428fb4de217774d8d) Importer(815301076,1909f56bfc062723c751e8b465ee728b)
Start importing Assets/Fantazia Animated 2D Monsters/Prefabs/Monster_78_Extinct Ox.prefab using Guid(95ad533191fe05e428fb4de217774d8d) Importer(815301076,1909f56bfc062723c751e8b465ee728b)  -> (artifact id: 'c8de5b6ee0e14a3112ced1b1331b0e33') in 0.009578 seconds 
========================================================================
Received Import Request.
  Time since last request: 0.000029 seconds.
  path: Assets/Fantazia Animated 2D Monsters/Prefabs/Monster_85_Warrior Orc.prefab
  artifactKey: Guid(dbc7ca6e28947024e88015d084223438) Importer(815301076,1909f56bfc062723c751e8b465ee728b)
Start importing Assets/Fantazia Animated 2D Monsters/Prefabs/Monster_85_Warrior Orc.prefab using Guid(dbc7ca6e28947024e88015d084223438) Importer(815301076,1909f56bfc062723c751e8b465ee728b)  -> (artifact id: '53176e4b0ab7fcec6d7ca0f842cb9d08') in 0.014854 seconds 
========================================================================
Received Import Request.
  Time since last request: 0.000027 seconds.
  path: Assets/Fantazia Animated 2D Monsters/Prefabs/Monster_60_Sword Block.prefab
  artifactKey: Guid(ace972142439e0a418babf220a8164cf) Importer(815301076,1909f56bfc062723c751e8b465ee728b)
Start importing Assets/Fantazia Animated 2D Monsters/Prefabs/Monster_60_Sword Block.prefab using Guid(ace972142439e0a418babf220a8164cf) Importer(815301076,1909f56bfc062723c751e8b465ee728b)  -> (artifact id: '98fda4df55cad9bde2aa8757c1f745bb') in 0.014421 seconds 
========================================================================
Received Import Request.
  Time since last request: 0.000032 seconds.
  path: Assets/Fantazia Animated 2D Monsters/Prefabs/Monster_97_Masked Troll.prefab
  artifactKey: Guid(1f171437ad6d48a489ccb308d7a535f8) Importer(815301076,1909f56bfc062723c751e8b465ee728b)
Start importing Assets/Fantazia Animated 2D Monsters/Prefabs/Monster_97_Masked Troll.prefab using Guid(1f171437ad6d48a489ccb308d7a535f8) Importer(815301076,1909f56bfc062723c751e8b465ee728b)  -> (artifact id: '9502659c3031e6cd4a1133d04d84bdf2') in 0.012724 seconds 
========================================================================
Received Import Request.
  Time since last request: 0.000040 seconds.
  path: Assets/Fantazia Animated 2D Monsters/Prefabs/Monster_38_Wolf.prefab
  artifactKey: Guid(c504b3c31c18db242aa3a5bdbb6b702b) Importer(815301076,1909f56bfc062723c751e8b465ee728b)
Start importing Assets/Fantazia Animated 2D Monsters/Prefabs/Monster_38_Wolf.prefab using Guid(c504b3c31c18db242aa3a5bdbb6b702b) Importer(815301076,1909f56bfc062723c751e8b465ee728b)  -> (artifact id: 'c9b42977f26e49d4268144bd1d1df006') in 0.014708 seconds 
========================================================================
Received Import Request.
  Time since last request: 0.000050 seconds.
  path: Assets/Fantazia Animated 2D Monsters/Prefabs/Monster_86_Armored Orc.prefab
  artifactKey: Guid(1e5477f7cd9a6b3489544a72d597c495) Importer(815301076,1909f56bfc062723c751e8b465ee728b)
Start importing Assets/Fantazia Animated 2D Monsters/Prefabs/Monster_86_Armored Orc.prefab using Guid(1e5477f7cd9a6b3489544a72d597c495) Importer(815301076,1909f56bfc062723c751e8b465ee728b)  -> (artifact id: 'edb32bd8c47f515ce5eef18012cb96c0') in 0.012160 seconds 
========================================================================
Received Import Request.
  Time since last request: 0.000030 seconds.
  path: Assets/Fantazia Animated 2D Monsters/Prefabs/Monster_50_Flower.prefab
  artifactKey: Guid(8478378d7c761f44a8720aae7881cd9f) Importer(815301076,1909f56bfc062723c751e8b465ee728b)
Start importing Assets/Fantazia Animated 2D Monsters/Prefabs/Monster_50_Flower.prefab using Guid(8478378d7c761f44a8720aae7881cd9f) Importer(815301076,1909f56bfc062723c751e8b465ee728b)  -> (artifact id: '56ecaf81addae81923fdbaca4a5b4bb7') in 0.013354 seconds 
========================================================================
Received Import Request.
  Time since last request: 19.840336 seconds.
  path: Assets/Fantazia Animated 2D Monsters/Source_Spine/Monster_1_Salamander/images/HEAD.png
  artifactKey: Guid(153b1f6cf5573eb4ba45a0fbc4296497) Importer(815301076,1909f56bfc062723c751e8b465ee728b)
Start importing Assets/Fantazia Animated 2D Monsters/Source_Spine/Monster_1_Salamander/images/HEAD.png using Guid(153b1f6cf5573eb4ba45a0fbc4296497) Importer(815301076,1909f56bfc062723c751e8b465ee728b)  -> (artifact id: '2c50fef087239226dee6f5e223ea9a00') in 0.025751 seconds 
========================================================================
Received Import Request.
  Time since last request: 0.000039 seconds.
  path: Assets/Fantazia Animated 2D Monsters/Source_Spine/Monster_1_Salamander/images/LEG 1 C.png
  artifactKey: Guid(03562dd6e7aa4264a805bb7008174be0) Importer(815301076,1909f56bfc062723c751e8b465ee728b)
Start importing Assets/Fantazia Animated 2D Monsters/Source_Spine/Monster_1_Salamander/images/LEG 1 C.png using Guid(03562dd6e7aa4264a805bb7008174be0) Importer(815301076,1909f56bfc062723c751e8b465ee728b)  -> (artifact id: '6492837c6ce4347dee4da95b82432767') in 0.025313 seconds 
========================================================================
Received Import Request.
  Time since last request: 0.000036 seconds.
  path: Assets/Fantazia Animated 2D Monsters/Source_Spine/Monster_1_Salamander/images/LEG 2 A.png
  artifactKey: Guid(b3a0879930c2eb342bce2a43070f92dd) Importer(815301076,1909f56bfc062723c751e8b465ee728b)
Start importing Assets/Fantazia Animated 2D Monsters/Source_Spine/Monster_1_Salamander/images/LEG 2 A.png using Guid(b3a0879930c2eb342bce2a43070f92dd) Importer(815301076,1909f56bfc062723c751e8b465ee728b)  -> (artifact id: 'd6baac3b96e9349c9492ba186c4b99ae') in 0.064622 seconds 
========================================================================
Received Import Request.
  Time since last request: 4.603179 seconds.
  path: Assets/Fantazia Animated 2D Monsters/Source_Animations/Monster_1_Salamander/monster_small_SkeletonData.asset
  artifactKey: Guid(ba0b9829e1a329840af85e3ddcc76873) Importer(815301076,1909f56bfc062723c751e8b465ee728b)
Start importing Assets/Fantazia Animated 2D Monsters/Source_Animations/Monster_1_Salamander/monster_small_SkeletonData.asset using Guid(ba0b9829e1a329840af85e3ddcc76873) Importer(815301076,1909f56bfc062723c751e8b465ee728b)  -> (artifact id: '4a1c47ab653d32970835a930e1b04b33') in 0.010131 seconds 
Editor requested this worker to shutdown with reason: Scaling down because of idle timeout
AssetImportWorker is now disconnected from the server
Process exiting
Exiting without the bug reporter. Application will terminate with return code 0