Using pre-set license
Built from 'HEAD' branch; Version is '2021.3.15f1c1 (080beb55ecda) revision 527339'; Using compiler version '192829333'; Build Type 'Release'
OS: 'Windows 10  (10.0.19045) 64bit Professional' Language: 'zh' Physical Memory: 49100 MB
BatchMode: 1, IsHumanControllingUs: 0, StartBugReporterOnCrash: 0, Is64bit: 1, IsPro: 1

COMMAND LINE ARGUMENTS:
E:\Unity\Editor\2021.3.15f1c1\Editor\Unity.exe
-adb2
-batchMode
-noUpm
-name
AssetImportWorker21
-projectPath
F:/Unity/2DBearAdventure
-logFile
Logs/AssetImportWorker21.log
-srvPort
59549
Successfully changed project path to: F:/Unity/2DBearAdventure
F:/Unity/2DBearAdventure
[UnityMemory] Configuration Parameters - Can be set up in boot.config
    "memorysetup-bucket-allocator-granularity=16"
    "memorysetup-bucket-allocator-bucket-count=8"
    "memorysetup-bucket-allocator-block-size=33554432"
    "memorysetup-bucket-allocator-block-count=8"
    "memorysetup-main-allocator-block-size=16777216"
    "memorysetup-thread-allocator-block-size=16777216"
    "memorysetup-gfx-main-allocator-block-size=16777216"
    "memorysetup-gfx-thread-allocator-block-size=16777216"
    "memorysetup-cache-allocator-block-size=4194304"
    "memorysetup-typetree-allocator-block-size=2097152"
    "memorysetup-profiler-bucket-allocator-granularity=16"
    "memorysetup-profiler-bucket-allocator-bucket-count=8"
    "memorysetup-profiler-bucket-allocator-block-size=33554432"
    "memorysetup-profiler-bucket-allocator-block-count=8"
    "memorysetup-profiler-allocator-block-size=16777216"
    "memorysetup-profiler-editor-allocator-block-size=1048576"
    "memorysetup-temp-allocator-size-main=16777216"
    "memorysetup-job-temp-allocator-block-size=2097152"
    "memorysetup-job-temp-allocator-block-size-background=1048576"
    "memorysetup-job-temp-allocator-reduction-small-platforms=262144"
    "memorysetup-temp-allocator-size-background-worker=32768"
    "memorysetup-temp-allocator-size-job-worker=262144"
    "memorysetup-temp-allocator-size-preload-manager=33554432"
    "memorysetup-temp-allocator-size-nav-mesh-worker=65536"
    "memorysetup-temp-allocator-size-audio-worker=65536"
    "memorysetup-temp-allocator-size-cloud-worker=32768"
    "memorysetup-temp-allocator-size-gi-baking-worker=262144"
    "memorysetup-temp-allocator-size-gfx=262144"
Player connection [15508] Host "[IP] 192.168.2.114 [Port] 0 [Flags] 2 [Guid] 1670510968 [EditorId] 1670510968 [Version] 1048832 [Id] WindowsEditor(7,ZHENDONGJI-PC1L) [Debug] 1 [PackageName] WindowsEditor [ProjectName] Editor" joined multi-casting on [225.0.0.222:54997]...

Player connection [15508] Host "[IP] 192.168.2.114 [Port] 0 [Flags] 2 [Guid] 1670510968 [EditorId] 1670510968 [Version] 1048832 [Id] WindowsEditor(7,ZHENDONGJI-PC1L) [Debug] 1 [PackageName] WindowsEditor [ProjectName] Editor" joined alternative multi-casting on [225.0.0.222:34997]...

AS: AutoStreaming module initializing.
Refreshing native plugins compatible for Editor in 324.11 ms, found 4 plugins.
Preloading 0 native plugins for Editor in 0.00 ms.
Initialize engine version: 2021.3.15f1c1 (080beb55ecda)
[Subsystems] Discovering subsystems at path E:/Unity/Editor/2021.3.15f1c1/Editor/Data/Resources/UnitySubsystems
[Subsystems] Discovering subsystems at path F:/Unity/2DBearAdventure/Assets
GfxDevice: creating device client; threaded=0; jobified=0
Direct3D:
    Version:  Direct3D 11.0 [level 11.1]
    Renderer: NVIDIA GeForce RTX 2070 SUPER (ID=0x1e84)
    Vendor:   NVIDIA
    VRAM:     8003 MB
    Driver:   31.0.15.3623
Initialize mono
Mono path[0] = 'E:/Unity/Editor/2021.3.15f1c1/Editor/Data/Managed'
Mono path[1] = 'E:/Unity/Editor/2021.3.15f1c1/Editor/Data/MonoBleedingEdge/lib/mono/unityjit-win32'
Mono config path = 'E:/Unity/Editor/2021.3.15f1c1/Editor/Data/MonoBleedingEdge/etc'
Using monoOptions --debugger-agent=transport=dt_socket,embedding=1,server=y,suspend=n,address=127.0.0.1:56648
Begin MonoManager ReloadAssembly
Registering precompiled unity dll's ...
Register platform support module: E:/Unity/Editor/2021.3.15f1c1/Editor/Data/PlaybackEngines/WindowsStandaloneSupport/UnityEditor.WindowsStandalone.Extensions.dll
Registered in 0.003601 seconds.
Native extension for WindowsStandalone target not found
Refreshing native plugins compatible for Editor in 317.96 ms, found 4 plugins.
Preloading 0 native plugins for Editor in 0.00 ms.
Mono: successfully reloaded assembly
- Completed reload, in  0.830 seconds
Domain Reload Profiling:
	ReloadAssembly (831ms)
		BeginReloadAssembly (63ms)
			ExecutionOrderSort (0ms)
			DisableScriptedObjects (0ms)
			BackupInstance (0ms)
			ReleaseScriptingObjects (0ms)
			CreateAndSetChildDomain (1ms)
		EndReloadAssembly (659ms)
			LoadAssemblies (60ms)
			RebuildTransferFunctionScriptingTraits (0ms)
			SetupTypeCache (94ms)
			ReleaseScriptCaches (0ms)
			RebuildScriptCaches (28ms)
			SetupLoadedEditorAssemblies (484ms)
				LogAssemblyErrors (0ms)
				InitializePlatformSupportModulesInManaged (7ms)
				SetLoadedEditorAssemblies (0ms)
				RefreshPlugins (318ms)
				BeforeProcessingInitializeOnLoad (1ms)
				ProcessInitializeOnLoadAttributes (116ms)
				ProcessInitializeOnLoadMethodAttributes (42ms)
				AfterProcessingInitializeOnLoad (0ms)
				EditorAssembliesLoaded (0ms)
			ExecutionOrderSort2 (0ms)
			AwakeInstancesAfterBackupRestoration (0ms)
Platform modules already initialized, skipping
Registering precompiled user dll's ...
Registered in 0.012631 seconds.
Begin MonoManager ReloadAssembly
Symbol file LoadedFromMemory doesn't match image F:\Unity\2DBearAdventure\Library\PackageCache\com.unity.visualscripting@1.7.8\Editor\VisualScripting.Core\Dependencies\YamlDotNet\Unity.VisualScripting.YamlDotNet.dll
Symbol file LoadedFromMemory doesn't match image F:\Unity\2DBearAdventure\Library\PackageCache\com.unity.visualscripting@1.7.8\Editor\VisualScripting.Core\Dependencies\DotNetZip\Unity.VisualScripting.IonicZip.dll
Native extension for WindowsStandalone target not found
Refreshing native plugins compatible for Editor in 309.81 ms, found 4 plugins.
Preloading 0 native plugins for Editor in 0.00 ms.
Mono: successfully reloaded assembly
- Completed reload, in  1.753 seconds
Domain Reload Profiling:
	ReloadAssembly (1754ms)
		BeginReloadAssembly (106ms)
			ExecutionOrderSort (0ms)
			DisableScriptedObjects (5ms)
			BackupInstance (0ms)
			ReleaseScriptingObjects (0ms)
			CreateAndSetChildDomain (23ms)
		EndReloadAssembly (1545ms)
			LoadAssemblies (81ms)
			RebuildTransferFunctionScriptingTraits (0ms)
			SetupTypeCache (249ms)
			ReleaseScriptCaches (1ms)
			RebuildScriptCaches (75ms)
			SetupLoadedEditorAssemblies (1086ms)
				LogAssemblyErrors (0ms)
				InitializePlatformSupportModulesInManaged (4ms)
				SetLoadedEditorAssemblies (0ms)
				RefreshPlugins (310ms)
				BeforeProcessingInitializeOnLoad (146ms)
				ProcessInitializeOnLoadAttributes (536ms)
				ProcessInitializeOnLoadMethodAttributes (84ms)
				AfterProcessingInitializeOnLoad (7ms)
				EditorAssembliesLoaded (0ms)
			ExecutionOrderSort2 (0ms)
			AwakeInstancesAfterBackupRestoration (5ms)
Platform modules already initialized, skipping
========================================================================
Worker process is ready to serve import requests
Launched and connected shader compiler UnityShaderCompiler.exe after 0.05 seconds
Refreshing native plugins compatible for Editor in 5.08 ms, found 4 plugins.
Preloading 0 native plugins for Editor in 0.00 ms.
Unloading 5766 Unused Serialized files (Serialized files now loaded: 0)
Unloading 74 unused Assets / (2.2 MB). Loaded Objects now: 6202.
Memory consumption went from 251.7 MB to 249.5 MB.
Total: 7.419800 ms (FindLiveObjects: 1.100200 ms CreateObjectMapping: 0.192700 ms MarkObjects: 5.177500 ms  DeleteObjects: 0.947200 ms)

AssetImportParameters requested are different than current active one (requested -> active):
  custom:video-decoder-ogg-theora: a1e56fd34408186e4bbccfd4996cb3dc -> 
  custom:container-muxer-webm: aa71ff27fc2769a1b78a27578f13a17b -> 
  custom:container-demuxer-webm: 4f35f7cbe854078d1ac9338744f61a02 -> 
  custom:video-encoder-webm-vp8: eb34c28f22e8b96e1ab97ce403110664 -> 
  custom:audio-encoder-webm-vorbis: bf7c407c2cedff20999df2af8eb42d56 -> 
  custom:framework-win-MediaFoundation: 216162199b28c13a410421893ffa2e32 -> 
  custom:container-demuxer-ogg: 62fdf1f143b41e24485cea50d1cbac27 -> 
  custom:video-decoder-webm-vp8: 9c59270c3fd7afecdb556c50c9e8de78 -> 
  custom:audio-decoder-ogg-vorbis: bf7c407c2cedff20999df2af8eb42d56 -> 
========================================================================
Received Import Request.
  Time since last request: 386972.682191 seconds.
  path: Assets/Art/ElvGames/Fantasy Dreamland Reborn/Dungeon/Tiles/FDR_Dungeon_2.asset
  artifactKey: Guid(0dcd3d9874e1747459d4b54a5907067a) Importer(815301076,1909f56bfc062723c751e8b465ee728b)
Start importing Assets/Art/ElvGames/Fantasy Dreamland Reborn/Dungeon/Tiles/FDR_Dungeon_2.asset using Guid(0dcd3d9874e1747459d4b54a5907067a) Importer(815301076,1909f56bfc062723c751e8b465ee728b)  -> (artifact id: '2fff508a57bd0666b4c4636bba8b8eda') in 0.086073 seconds 
========================================================================
Received Import Request.
  Time since last request: 0.000040 seconds.
  path: Assets/Art/ElvGames/Fantasy Dreamland Reborn/Dungeon/Tiles/FDR_Dungeon_104.asset
  artifactKey: Guid(fc1c07fb80238e149a1a8c0978475072) Importer(815301076,1909f56bfc062723c751e8b465ee728b)
Start importing Assets/Art/ElvGames/Fantasy Dreamland Reborn/Dungeon/Tiles/FDR_Dungeon_104.asset using Guid(fc1c07fb80238e149a1a8c0978475072) Importer(815301076,1909f56bfc062723c751e8b465ee728b)  -> (artifact id: 'fd40b319e8899166d19dc823c7df48d2') in 0.022423 seconds 
========================================================================
Received Import Request.
  Time since last request: 0.000041 seconds.
  path: Assets/Art/ElvGames/Fantasy Dreamland Reborn/Dungeon/Tiles/FDR_Dungeon_124.asset
  artifactKey: Guid(1a4041ec1b06b0c459aa8207bf61ac42) Importer(815301076,1909f56bfc062723c751e8b465ee728b)
Start importing Assets/Art/ElvGames/Fantasy Dreamland Reborn/Dungeon/Tiles/FDR_Dungeon_124.asset using Guid(1a4041ec1b06b0c459aa8207bf61ac42) Importer(815301076,1909f56bfc062723c751e8b465ee728b)  -> (artifact id: '34e909120f65a936112e7210225e6d34') in 0.019707 seconds 
========================================================================
Received Import Request.
  Time since last request: 0.000037 seconds.
  path: Assets/Art/ElvGames/Fantasy Dreamland Reborn/Dungeon/Tiles/FDR_Dungeon_132.asset
  artifactKey: Guid(439a3a842b85af045b1472b5ca4538e1) Importer(815301076,1909f56bfc062723c751e8b465ee728b)
Start importing Assets/Art/ElvGames/Fantasy Dreamland Reborn/Dungeon/Tiles/FDR_Dungeon_132.asset using Guid(439a3a842b85af045b1472b5ca4538e1) Importer(815301076,1909f56bfc062723c751e8b465ee728b)  -> (artifact id: '961f965208b60e3b6209b3cab1dfa4a0') in 0.018392 seconds 
========================================================================
Received Import Request.
  Time since last request: 0.000032 seconds.
  path: Assets/Art/ElvGames/Fantasy Dreamland Reborn/Dungeon/Tiles/FDR_Dungeon_67.asset
  artifactKey: Guid(017376fdb3b422847b7f49abb4042d70) Importer(815301076,1909f56bfc062723c751e8b465ee728b)
Start importing Assets/Art/ElvGames/Fantasy Dreamland Reborn/Dungeon/Tiles/FDR_Dungeon_67.asset using Guid(017376fdb3b422847b7f49abb4042d70) Importer(815301076,1909f56bfc062723c751e8b465ee728b)  -> (artifact id: '2c9609660de5dc727f82d3007b9a4419') in 0.018533 seconds 
========================================================================
Received Import Request.
  Time since last request: 0.000035 seconds.
  path: Assets/Art/ElvGames/Fantasy Dreamland Reborn/Dungeon/Tiles/FDR_Dungeon_117.asset
  artifactKey: Guid(a347ad043b590c643a869f28ce7d4993) Importer(815301076,1909f56bfc062723c751e8b465ee728b)
Start importing Assets/Art/ElvGames/Fantasy Dreamland Reborn/Dungeon/Tiles/FDR_Dungeon_117.asset using Guid(a347ad043b590c643a869f28ce7d4993) Importer(815301076,1909f56bfc062723c751e8b465ee728b)  -> (artifact id: 'ed6ffef3729e6a3f263a4c80e7da54bc') in 0.016177 seconds 
========================================================================
Received Import Request.
  Time since last request: 0.000030 seconds.
  path: Assets/Art/ElvGames/Fantasy Dreamland Reborn/Dungeon/Tiles/FDR_Dungeon_105.asset
  artifactKey: Guid(13bf7839a087c3247bc13f99a64647b7) Importer(815301076,1909f56bfc062723c751e8b465ee728b)
Start importing Assets/Art/ElvGames/Fantasy Dreamland Reborn/Dungeon/Tiles/FDR_Dungeon_105.asset using Guid(13bf7839a087c3247bc13f99a64647b7) Importer(815301076,1909f56bfc062723c751e8b465ee728b)  -> (artifact id: 'fd7f6fc802c4c589fadb7ca5574b1ee3') in 0.012209 seconds 
========================================================================
Received Import Request.
  Time since last request: 0.000040 seconds.
  path: Assets/Art/ElvGames/Fantasy Dreamland Reborn/Dungeon/Tiles/FDR_Dungeon_50.asset
  artifactKey: Guid(61da7a13a76b3774096818bd67503c70) Importer(815301076,1909f56bfc062723c751e8b465ee728b)
Start importing Assets/Art/ElvGames/Fantasy Dreamland Reborn/Dungeon/Tiles/FDR_Dungeon_50.asset using Guid(61da7a13a76b3774096818bd67503c70) Importer(815301076,1909f56bfc062723c751e8b465ee728b)  -> (artifact id: 'b0a9abc78d4f202d901f69c60fb8195b') in 0.013429 seconds 
========================================================================
Received Import Request.
  Time since last request: 0.000024 seconds.
  path: Assets/Art/ElvGames/Fantasy Dreamland Reborn/Dungeon/Tiles/FDR_Dungeon_75.asset
  artifactKey: Guid(f43bd8033439ccd4eae730d07b66c3e5) Importer(815301076,1909f56bfc062723c751e8b465ee728b)
Start importing Assets/Art/ElvGames/Fantasy Dreamland Reborn/Dungeon/Tiles/FDR_Dungeon_75.asset using Guid(f43bd8033439ccd4eae730d07b66c3e5) Importer(815301076,1909f56bfc062723c751e8b465ee728b)  -> (artifact id: 'f75a3bd32f41f5c956724e7e2fd33c5d') in 0.018625 seconds 
========================================================================
Received Import Request.
  Time since last request: 0.000039 seconds.
  path: Assets/Art/ElvGames/Fantasy Dreamland Reborn/Dungeon/Tiles/FDR_Dungeon_47.asset
  artifactKey: Guid(50b949a3e1c50384c88ab555c1c1fde6) Importer(815301076,1909f56bfc062723c751e8b465ee728b)
Start importing Assets/Art/ElvGames/Fantasy Dreamland Reborn/Dungeon/Tiles/FDR_Dungeon_47.asset using Guid(50b949a3e1c50384c88ab555c1c1fde6) Importer(815301076,1909f56bfc062723c751e8b465ee728b)  -> (artifact id: 'de2092985b8d0297c1eaac147d953357') in 0.014420 seconds 
========================================================================
Received Import Request.
  Time since last request: 0.000039 seconds.
  path: Assets/Art/ElvGames/Fantasy Dreamland Reborn/Dungeon/Tiles/FDR_Dungeon_42.asset
  artifactKey: Guid(f9cf68eb7b2515d4391172d90ee40dce) Importer(815301076,1909f56bfc062723c751e8b465ee728b)
Start importing Assets/Art/ElvGames/Fantasy Dreamland Reborn/Dungeon/Tiles/FDR_Dungeon_42.asset using Guid(f9cf68eb7b2515d4391172d90ee40dce) Importer(815301076,1909f56bfc062723c751e8b465ee728b)  -> (artifact id: '30ed56e564850c8c6d84a987ae4be979') in 0.018819 seconds 
========================================================================
Received Import Request.
  Time since last request: 0.000032 seconds.
  path: Assets/Art/ElvGames/Fantasy Dreamland Reborn/Dungeon/Tiles/FDR_Dungeon_80.asset
  artifactKey: Guid(cf2018e9042074d4387523de40a5a68f) Importer(815301076,1909f56bfc062723c751e8b465ee728b)
Start importing Assets/Art/ElvGames/Fantasy Dreamland Reborn/Dungeon/Tiles/FDR_Dungeon_80.asset using Guid(cf2018e9042074d4387523de40a5a68f) Importer(815301076,1909f56bfc062723c751e8b465ee728b)  -> (artifact id: 'f9721541d4db8bfb0a1cfea3c44b1ee4') in 0.014825 seconds 
========================================================================
Received Import Request.
  Time since last request: 0.000084 seconds.
  path: Assets/Art/ElvGames/Fantasy Dreamland Reborn/Dungeon/Tiles/FDR_Dungeon_110.asset
  artifactKey: Guid(af133f1243a5c2d46bf39272f5732fdd) Importer(815301076,1909f56bfc062723c751e8b465ee728b)
Start importing Assets/Art/ElvGames/Fantasy Dreamland Reborn/Dungeon/Tiles/FDR_Dungeon_110.asset using Guid(af133f1243a5c2d46bf39272f5732fdd) Importer(815301076,1909f56bfc062723c751e8b465ee728b)  -> (artifact id: 'af41ebbeb8e32dde675b093a10562f91') in 0.012754 seconds 
========================================================================
Received Import Request.
  Time since last request: 0.000035 seconds.
  path: Assets/Art/ElvGames/Fantasy Dreamland Reborn/Dungeon/Tiles/FDR_Dungeon_13.asset
  artifactKey: Guid(50f349f57315b3b4682ba12b1ef3a0c4) Importer(815301076,1909f56bfc062723c751e8b465ee728b)
Start importing Assets/Art/ElvGames/Fantasy Dreamland Reborn/Dungeon/Tiles/FDR_Dungeon_13.asset using Guid(50f349f57315b3b4682ba12b1ef3a0c4) Importer(815301076,1909f56bfc062723c751e8b465ee728b)  -> (artifact id: '8369de7fbae14bbde1f6a666a23bc115') in 0.013775 seconds 
========================================================================
Received Import Request.
  Time since last request: 0.000029 seconds.
  path: Assets/Art/ElvGames/Fantasy Dreamland Reborn/Dungeon/Tiles/FDR_Dungeon_101.asset
  artifactKey: Guid(f3032278eb4d296469485bfc7f66b643) Importer(815301076,1909f56bfc062723c751e8b465ee728b)
Start importing Assets/Art/ElvGames/Fantasy Dreamland Reborn/Dungeon/Tiles/FDR_Dungeon_101.asset using Guid(f3032278eb4d296469485bfc7f66b643) Importer(815301076,1909f56bfc062723c751e8b465ee728b)  -> (artifact id: 'f783160633c1da49e594fde27d7adddd') in 0.019215 seconds 
========================================================================
Received Import Request.
  Time since last request: 0.000031 seconds.
  path: Assets/Art/ElvGames/Fantasy Dreamland Reborn/Dungeon/Tiles/FDR_Dungeon_48.asset
  artifactKey: Guid(a468a33630e8fe94dbeec903feaeb254) Importer(815301076,1909f56bfc062723c751e8b465ee728b)
Start importing Assets/Art/ElvGames/Fantasy Dreamland Reborn/Dungeon/Tiles/FDR_Dungeon_48.asset using Guid(a468a33630e8fe94dbeec903feaeb254) Importer(815301076,1909f56bfc062723c751e8b465ee728b)  -> (artifact id: 'ebd866d6c5d5d7d4b47a450508e71a23') in 0.018911 seconds 
========================================================================
Received Import Request.
  Time since last request: 0.000038 seconds.
  path: Assets/Art/ElvGames/Fantasy Dreamland Reborn/Dungeon/Tiles/FDR_Dungeon_91.asset
  artifactKey: Guid(1fc909a5343602c46a181f0191ed2a85) Importer(815301076,1909f56bfc062723c751e8b465ee728b)
Start importing Assets/Art/ElvGames/Fantasy Dreamland Reborn/Dungeon/Tiles/FDR_Dungeon_91.asset using Guid(1fc909a5343602c46a181f0191ed2a85) Importer(815301076,1909f56bfc062723c751e8b465ee728b)  -> (artifact id: '737db7a614b8d33e2a702c2de9df89d1') in 0.019925 seconds 
========================================================================
Received Import Request.
  Time since last request: 0.000044 seconds.
  path: Assets/Art/ElvGames/Fantasy Dreamland Reborn/Dungeon/Tiles/FDR_Dungeon_44.asset
  artifactKey: Guid(b521e5dbe51701b4388a747fa778f847) Importer(815301076,1909f56bfc062723c751e8b465ee728b)
Start importing Assets/Art/ElvGames/Fantasy Dreamland Reborn/Dungeon/Tiles/FDR_Dungeon_44.asset using Guid(b521e5dbe51701b4388a747fa778f847) Importer(815301076,1909f56bfc062723c751e8b465ee728b)  -> (artifact id: '52983a77b7d25d90cd3af2a5d2543795') in 0.016373 seconds 
========================================================================
Received Import Request.
  Time since last request: 0.000043 seconds.
  path: Assets/Art/ElvGames/Fantasy Dreamland Reborn/Dungeon/Tiles/FDR_Dungeon_36.asset
  artifactKey: Guid(2570e5c69a53e42449096f71586f6a67) Importer(815301076,1909f56bfc062723c751e8b465ee728b)
Start importing Assets/Art/ElvGames/Fantasy Dreamland Reborn/Dungeon/Tiles/FDR_Dungeon_36.asset using Guid(2570e5c69a53e42449096f71586f6a67) Importer(815301076,1909f56bfc062723c751e8b465ee728b)  -> (artifact id: '1a57676ac2c1deb37ed070fa70cac34e') in 0.021766 seconds 
========================================================================
Received Import Request.
  Time since last request: 0.000028 seconds.
  path: Assets/Art/ElvGames/Fantasy Dreamland Reborn/Dungeon/Tiles/FDR_Dungeon_111.asset
  artifactKey: Guid(0129368e164888f4ab6aaacfeac491ee) Importer(815301076,1909f56bfc062723c751e8b465ee728b)
Start importing Assets/Art/ElvGames/Fantasy Dreamland Reborn/Dungeon/Tiles/FDR_Dungeon_111.asset using Guid(0129368e164888f4ab6aaacfeac491ee) Importer(815301076,1909f56bfc062723c751e8b465ee728b)  -> (artifact id: 'b20b72c5bb8f6433e99c53e5fdeb1936') in 0.019853 seconds 
========================================================================
Received Import Request.
  Time since last request: 0.000036 seconds.
  path: Assets/Art/ElvGames/Fantasy Dreamland Reborn/Dungeon/Tiles/FDR_Dungeon_22.asset
  artifactKey: Guid(4be0a8344b52602489119fdfac89286e) Importer(815301076,1909f56bfc062723c751e8b465ee728b)
Start importing Assets/Art/ElvGames/Fantasy Dreamland Reborn/Dungeon/Tiles/FDR_Dungeon_22.asset using Guid(4be0a8344b52602489119fdfac89286e) Importer(815301076,1909f56bfc062723c751e8b465ee728b)  -> (artifact id: 'fe0c9747c9772858a7c44e69201cd1a4') in 0.012769 seconds 
========================================================================
Received Import Request.
  Time since last request: 0.000036 seconds.
  path: Assets/Art/ElvGames/Fantasy Dreamland Reborn/Dungeon/Tiles/FDR_Dungeon_100.asset
  artifactKey: Guid(9a0fc16616e3d8b4c893176be2edec86) Importer(815301076,1909f56bfc062723c751e8b465ee728b)
Start importing Assets/Art/ElvGames/Fantasy Dreamland Reborn/Dungeon/Tiles/FDR_Dungeon_100.asset using Guid(9a0fc16616e3d8b4c893176be2edec86) Importer(815301076,1909f56bfc062723c751e8b465ee728b)  -> (artifact id: 'd88f9d139c61a342ec63e0c464064f21') in 0.012595 seconds 
========================================================================
Received Import Request.
  Time since last request: 10.272118 seconds.
  path: Assets/Art/ElvGames/Fantasy Dreamland/UI/Character Faces/Faceset_003_48x48.png
  artifactKey: Guid(3d50c7d50554f2d42b8ba1df50546c07) Importer(815301076,1909f56bfc062723c751e8b465ee728b)
Start importing Assets/Art/ElvGames/Fantasy Dreamland/UI/Character Faces/Faceset_003_48x48.png using Guid(3d50c7d50554f2d42b8ba1df50546c07) Importer(815301076,1909f56bfc062723c751e8b465ee728b)  -> (artifact id: 'd1f483f2a2b272ccb8855eadf381f014') in 0.087123 seconds 
========================================================================
Received Import Request.
  Time since last request: 0.000040 seconds.
  path: Assets/Art/ElvGames/Fantasy Dreamland/UI/Character Faces/Faceset_037_48x48.png
  artifactKey: Guid(784a8992c89ebc645a8a830d771c9170) Importer(815301076,1909f56bfc062723c751e8b465ee728b)
Start importing Assets/Art/ElvGames/Fantasy Dreamland/UI/Character Faces/Faceset_037_48x48.png using Guid(784a8992c89ebc645a8a830d771c9170) Importer(815301076,1909f56bfc062723c751e8b465ee728b)  -> (artifact id: '97dade2648b6690b6c90db361920fc9e') in 0.038963 seconds 
========================================================================
Received Import Request.
  Time since last request: 0.000081 seconds.
  path: Assets/Art/ElvGames/Fantasy Dreamland/UI/Character Faces/Faceset_041_48x48.png
  artifactKey: Guid(e2d0599edfc33f14dbfe196965688c61) Importer(815301076,1909f56bfc062723c751e8b465ee728b)
Start importing Assets/Art/ElvGames/Fantasy Dreamland/UI/Character Faces/Faceset_041_48x48.png using Guid(e2d0599edfc33f14dbfe196965688c61) Importer(815301076,1909f56bfc062723c751e8b465ee728b)  -> (artifact id: '12b78d4fa48a8d6b4bcfd45bb7f35a29') in 0.045619 seconds 
========================================================================
Received Import Request.
  Time since last request: 0.000054 seconds.
  path: Assets/Art/ElvGames/Fantasy Dreamland/UI/Character Faces/Faceset_077_48x48.png
  artifactKey: Guid(c8d0a111b5286354b81b11db84b486fd) Importer(815301076,1909f56bfc062723c751e8b465ee728b)
Start importing Assets/Art/ElvGames/Fantasy Dreamland/UI/Character Faces/Faceset_077_48x48.png using Guid(c8d0a111b5286354b81b11db84b486fd) Importer(815301076,1909f56bfc062723c751e8b465ee728b)  -> (artifact id: 'd2df6538a13389aaf7fdf7895f39245f') in 0.043629 seconds 
========================================================================
Received Import Request.
  Time since last request: 0.000033 seconds.
  path: Assets/Art/ElvGames/Fantasy Dreamland/UI/Character Faces/Faceset_033_48x48.png
  artifactKey: Guid(0be1e373cc44f4542804263c84e32e0e) Importer(815301076,1909f56bfc062723c751e8b465ee728b)
Start importing Assets/Art/ElvGames/Fantasy Dreamland/UI/Character Faces/Faceset_033_48x48.png using Guid(0be1e373cc44f4542804263c84e32e0e) Importer(815301076,1909f56bfc062723c751e8b465ee728b)  -> (artifact id: 'c65a3ae73a3d6ba73db4c93aeb621496') in 0.045326 seconds 
========================================================================
Received Import Request.
  Time since last request: 0.000034 seconds.
  path: Assets/Art/ElvGames/Fantasy Dreamland/UI/Character Faces/Faceset_061_48x48.png
  artifactKey: Guid(2bab9c850db75a341808dc1255d2bce5) Importer(815301076,1909f56bfc062723c751e8b465ee728b)
Start importing Assets/Art/ElvGames/Fantasy Dreamland/UI/Character Faces/Faceset_061_48x48.png using Guid(2bab9c850db75a341808dc1255d2bce5) Importer(815301076,1909f56bfc062723c751e8b465ee728b)  -> (artifact id: '26926e4f368862b91b0c1358b5c54bf9') in 0.044981 seconds 
========================================================================
Received Import Request.
  Time since last request: 0.000036 seconds.
  path: Assets/Art/ElvGames/Fantasy Dreamland/UI/Character Faces/Faceset_042_48x48.png
  artifactKey: Guid(5a99d424fccf7c54e83c7e23998fba64) Importer(815301076,1909f56bfc062723c751e8b465ee728b)
Start importing Assets/Art/ElvGames/Fantasy Dreamland/UI/Character Faces/Faceset_042_48x48.png using Guid(5a99d424fccf7c54e83c7e23998fba64) Importer(815301076,1909f56bfc062723c751e8b465ee728b)  -> (artifact id: '9ad220f43a4be0ddc3b543cde6110e17') in 0.036485 seconds 
========================================================================
Received Import Request.
  Time since last request: 0.000056 seconds.
  path: Assets/Art/ElvGames/Fantasy Dreamland/UI/Character Faces/Faceset_064_48x48.png
  artifactKey: Guid(d1ef7ee6007a873458a56c2602be7e61) Importer(815301076,1909f56bfc062723c751e8b465ee728b)
Start importing Assets/Art/ElvGames/Fantasy Dreamland/UI/Character Faces/Faceset_064_48x48.png using Guid(d1ef7ee6007a873458a56c2602be7e61) Importer(815301076,1909f56bfc062723c751e8b465ee728b)  -> (artifact id: '96bdcb80d1cd848fb4d2d095d001b9d4') in 0.034806 seconds 
========================================================================
Received Import Request.
  Time since last request: 0.000033 seconds.
  path: Assets/Art/ElvGames/Fantasy Dreamland/UI/Character Faces/Faceset_034_48x48.png
  artifactKey: Guid(d3146f707ef0c07448682f51e2dcdada) Importer(815301076,1909f56bfc062723c751e8b465ee728b)
Start importing Assets/Art/ElvGames/Fantasy Dreamland/UI/Character Faces/Faceset_034_48x48.png using Guid(d3146f707ef0c07448682f51e2dcdada) Importer(815301076,1909f56bfc062723c751e8b465ee728b)  -> (artifact id: '5fb8736a74250ddcc13836324f6233aa') in 0.038191 seconds 
========================================================================
Received Import Request.
  Time since last request: 0.000065 seconds.
  path: Assets/Art/ElvGames/Fantasy Dreamland/UI/Character Faces/Faceset_076_48x48.png
  artifactKey: Guid(509ffe2493a849649b19537bdab8a946) Importer(815301076,1909f56bfc062723c751e8b465ee728b)
Start importing Assets/Art/ElvGames/Fantasy Dreamland/UI/Character Faces/Faceset_076_48x48.png using Guid(509ffe2493a849649b19537bdab8a946) Importer(815301076,1909f56bfc062723c751e8b465ee728b)  -> (artifact id: '3876238259b723a26c6c3552150b577b') in 0.035359 seconds 
========================================================================
Received Import Request.
  Time since last request: 0.000042 seconds.
  path: Assets/Art/ElvGames/Fantasy Dreamland/UI/Character Faces/Faceset_049_48x48.png
  artifactKey: Guid(d74194e108139f74ab6718dcd76668b5) Importer(815301076,1909f56bfc062723c751e8b465ee728b)
Start importing Assets/Art/ElvGames/Fantasy Dreamland/UI/Character Faces/Faceset_049_48x48.png using Guid(d74194e108139f74ab6718dcd76668b5) Importer(815301076,1909f56bfc062723c751e8b465ee728b)  -> (artifact id: '94c79cf13bdf06a16455af61203a6e2a') in 0.037021 seconds 
========================================================================
Received Import Request.
  Time since last request: 0.000030 seconds.
  path: Assets/Art/ElvGames/Fantasy Dreamland/UI/Character Faces/Faceset_054_48x48.png
  artifactKey: Guid(21740426dee621042a2268271284cec3) Importer(815301076,1909f56bfc062723c751e8b465ee728b)
Start importing Assets/Art/ElvGames/Fantasy Dreamland/UI/Character Faces/Faceset_054_48x48.png using Guid(21740426dee621042a2268271284cec3) Importer(815301076,1909f56bfc062723c751e8b465ee728b)  -> (artifact id: 'a043aef493da400d4edb9c95aa58ba5c') in 0.033298 seconds 
========================================================================
Received Import Request.
  Time since last request: 0.000059 seconds.
  path: Assets/Art/ElvGames/Fantasy Dreamland/UI/Character Faces/Faceset_036_48x48.png
  artifactKey: Guid(e21f42e87000e8c4eb6b44407a234f38) Importer(815301076,1909f56bfc062723c751e8b465ee728b)
Start importing Assets/Art/ElvGames/Fantasy Dreamland/UI/Character Faces/Faceset_036_48x48.png using Guid(e21f42e87000e8c4eb6b44407a234f38) Importer(815301076,1909f56bfc062723c751e8b465ee728b)  -> (artifact id: '1a800ed5c9b85444a4a4441c6a7150bc') in 0.032786 seconds 
========================================================================
Received Import Request.
  Time since last request: 0.978393 seconds.
  path: Assets/Art/ElvGames/Fantasy Dreamland/UI/Inventory/Inventory_select.png
  artifactKey: Guid(4a2259235e1292e44b7209229e84fd34) Importer(815301076,1909f56bfc062723c751e8b465ee728b)
Start importing Assets/Art/ElvGames/Fantasy Dreamland/UI/Inventory/Inventory_select.png using Guid(4a2259235e1292e44b7209229e84fd34) Importer(815301076,1909f56bfc062723c751e8b465ee728b)  -> (artifact id: '6e70a696ad96412d49551f9916063d14') in 0.021764 seconds 
========================================================================
Received Import Request.
  Time since last request: 0.000037 seconds.
  path: Assets/Art/ElvGames/Fantasy Dreamland/UI/Inventory/Inventory_style_01d.png
  artifactKey: Guid(90b0aaeff57dd2746aa500fef8493a83) Importer(815301076,1909f56bfc062723c751e8b465ee728b)
Start importing Assets/Art/ElvGames/Fantasy Dreamland/UI/Inventory/Inventory_style_01d.png using Guid(90b0aaeff57dd2746aa500fef8493a83) Importer(815301076,1909f56bfc062723c751e8b465ee728b)  -> (artifact id: '9d90541b1b9d3524406d16ca18e74a13') in 0.026096 seconds 
========================================================================
Received Import Request.
  Time since last request: 0.000049 seconds.
  path: Assets/Art/ElvGames/Fantasy Dreamland/UI/Inventory/Inventory_style_02a.png
  artifactKey: Guid(12f671ec149c19f47895dca3c9953cca) Importer(815301076,1909f56bfc062723c751e8b465ee728b)
Start importing Assets/Art/ElvGames/Fantasy Dreamland/UI/Inventory/Inventory_style_02a.png using Guid(12f671ec149c19f47895dca3c9953cca) Importer(815301076,1909f56bfc062723c751e8b465ee728b)  -> (artifact id: '60044c3252474d4a1a3030a1a48896e7') in 0.022416 seconds 
========================================================================
Received Import Request.
  Time since last request: 0.364684 seconds.
  path: Assets/Art/ElvGames/Fantasy Dreamland/UI/Item Icons/Fantasy_Dreamland_Icons03.png
  artifactKey: Guid(f057a6b35284b2b479cdab8979f9b4ae) Importer(815301076,1909f56bfc062723c751e8b465ee728b)
Start importing Assets/Art/ElvGames/Fantasy Dreamland/UI/Item Icons/Fantasy_Dreamland_Icons03.png using Guid(f057a6b35284b2b479cdab8979f9b4ae) Importer(815301076,1909f56bfc062723c751e8b465ee728b)  -> (artifact id: '6f9d1b4e4deb1eecdba241d1a85291e4') in 0.462885 seconds 
========================================================================
Received Import Request.
  Time since last request: 0.082322 seconds.
  path: Assets/Art/ElvGames/Fantasy Dreamland/UI/Keyboard Keys/Keyboard_UI_Extra01.png
  artifactKey: Guid(3cb4b39754c7e8041977de2eb355f078) Importer(815301076,1909f56bfc062723c751e8b465ee728b)
Start importing Assets/Art/ElvGames/Fantasy Dreamland/UI/Keyboard Keys/Keyboard_UI_Extra01.png using Guid(3cb4b39754c7e8041977de2eb355f078) Importer(815301076,1909f56bfc062723c751e8b465ee728b)  -> (artifact id: 'a9fd728c2f577dfa0598b194d0481ddd') in 0.031583 seconds 
Editor requested this worker to shutdown with reason: Scaling down because of idle timeout
AssetImportWorker is now disconnected from the server
Process exiting
Exiting without the bug reporter. Application will terminate with return code 0