Using pre-set license
Built from 'HEAD' branch; Version is '2021.3.15f1c1 (080beb55ecda) revision 527339'; Using compiler version '192829333'; Build Type 'Release'
OS: 'Windows 10  (10.0.19045) 64bit Professional' Language: 'zh' Physical Memory: 49100 MB
BatchMode: 1, IsHumanControllingUs: 0, StartBugReporterOnCrash: 0, Is64bit: 1, IsPro: 1

COMMAND LINE ARGUMENTS:
E:\Unity\Editor\2021.3.15f1c1\Editor\Unity.exe
-adb2
-batchMode
-noUpm
-name
AssetImportWorker18
-projectPath
F:/Unity/2DBearAdventure
-logFile
Logs/AssetImportWorker18.log
-srvPort
59549
Successfully changed project path to: F:/Unity/2DBearAdventure
F:/Unity/2DBearAdventure
[UnityMemory] Configuration Parameters - Can be set up in boot.config
    "memorysetup-bucket-allocator-granularity=16"
    "memorysetup-bucket-allocator-bucket-count=8"
    "memorysetup-bucket-allocator-block-size=33554432"
    "memorysetup-bucket-allocator-block-count=8"
    "memorysetup-main-allocator-block-size=16777216"
    "memorysetup-thread-allocator-block-size=16777216"
    "memorysetup-gfx-main-allocator-block-size=16777216"
    "memorysetup-gfx-thread-allocator-block-size=16777216"
    "memorysetup-cache-allocator-block-size=4194304"
    "memorysetup-typetree-allocator-block-size=2097152"
    "memorysetup-profiler-bucket-allocator-granularity=16"
    "memorysetup-profiler-bucket-allocator-bucket-count=8"
    "memorysetup-profiler-bucket-allocator-block-size=33554432"
    "memorysetup-profiler-bucket-allocator-block-count=8"
    "memorysetup-profiler-allocator-block-size=16777216"
    "memorysetup-profiler-editor-allocator-block-size=1048576"
    "memorysetup-temp-allocator-size-main=16777216"
    "memorysetup-job-temp-allocator-block-size=2097152"
    "memorysetup-job-temp-allocator-block-size-background=1048576"
    "memorysetup-job-temp-allocator-reduction-small-platforms=262144"
    "memorysetup-temp-allocator-size-background-worker=32768"
    "memorysetup-temp-allocator-size-job-worker=262144"
    "memorysetup-temp-allocator-size-preload-manager=33554432"
    "memorysetup-temp-allocator-size-nav-mesh-worker=65536"
    "memorysetup-temp-allocator-size-audio-worker=65536"
    "memorysetup-temp-allocator-size-cloud-worker=32768"
    "memorysetup-temp-allocator-size-gi-baking-worker=262144"
    "memorysetup-temp-allocator-size-gfx=262144"
Player connection [9776] Host "[IP] 192.168.2.114 [Port] 0 [Flags] 2 [Guid] 632622825 [EditorId] 632622825 [Version] 1048832 [Id] WindowsEditor(7,ZHENDONGJI-PC1L) [Debug] 1 [PackageName] WindowsEditor [ProjectName] Editor" joined multi-casting on [225.0.0.222:54997]...

Player connection [9776] Host "[IP] 192.168.2.114 [Port] 0 [Flags] 2 [Guid] 632622825 [EditorId] 632622825 [Version] 1048832 [Id] WindowsEditor(7,ZHENDONGJI-PC1L) [Debug] 1 [PackageName] WindowsEditor [ProjectName] Editor" joined alternative multi-casting on [225.0.0.222:34997]...

AS: AutoStreaming module initializing.
Refreshing native plugins compatible for Editor in 310.80 ms, found 4 plugins.
Preloading 0 native plugins for Editor in 0.00 ms.
Initialize engine version: 2021.3.15f1c1 (080beb55ecda)
[Subsystems] Discovering subsystems at path E:/Unity/Editor/2021.3.15f1c1/Editor/Data/Resources/UnitySubsystems
[Subsystems] Discovering subsystems at path F:/Unity/2DBearAdventure/Assets
GfxDevice: creating device client; threaded=0; jobified=0
Direct3D:
    Version:  Direct3D 11.0 [level 11.1]
    Renderer: NVIDIA GeForce RTX 2070 SUPER (ID=0x1e84)
    Vendor:   NVIDIA
    VRAM:     8003 MB
    Driver:   31.0.15.3623
Initialize mono
Mono path[0] = 'E:/Unity/Editor/2021.3.15f1c1/Editor/Data/Managed'
Mono path[1] = 'E:/Unity/Editor/2021.3.15f1c1/Editor/Data/MonoBleedingEdge/lib/mono/unityjit-win32'
Mono config path = 'E:/Unity/Editor/2021.3.15f1c1/Editor/Data/MonoBleedingEdge/etc'
Using monoOptions --debugger-agent=transport=dt_socket,embedding=1,server=y,suspend=n,address=127.0.0.1:56296
Begin MonoManager ReloadAssembly
Registering precompiled unity dll's ...
Register platform support module: E:/Unity/Editor/2021.3.15f1c1/Editor/Data/PlaybackEngines/WindowsStandaloneSupport/UnityEditor.WindowsStandalone.Extensions.dll
Registered in 0.003253 seconds.
Native extension for WindowsStandalone target not found
Refreshing native plugins compatible for Editor in 304.76 ms, found 4 plugins.
Preloading 0 native plugins for Editor in 0.00 ms.
Mono: successfully reloaded assembly
- Completed reload, in  0.834 seconds
Domain Reload Profiling:
	ReloadAssembly (835ms)
		BeginReloadAssembly (71ms)
			ExecutionOrderSort (0ms)
			DisableScriptedObjects (0ms)
			BackupInstance (0ms)
			ReleaseScriptingObjects (0ms)
			CreateAndSetChildDomain (1ms)
		EndReloadAssembly (664ms)
			LoadAssemblies (68ms)
			RebuildTransferFunctionScriptingTraits (0ms)
			SetupTypeCache (92ms)
			ReleaseScriptCaches (0ms)
			RebuildScriptCaches (29ms)
			SetupLoadedEditorAssemblies (480ms)
				LogAssemblyErrors (0ms)
				InitializePlatformSupportModulesInManaged (7ms)
				SetLoadedEditorAssemblies (0ms)
				RefreshPlugins (305ms)
				BeforeProcessingInitializeOnLoad (2ms)
				ProcessInitializeOnLoadAttributes (118ms)
				ProcessInitializeOnLoadMethodAttributes (49ms)
				AfterProcessingInitializeOnLoad (0ms)
				EditorAssembliesLoaded (0ms)
			ExecutionOrderSort2 (0ms)
			AwakeInstancesAfterBackupRestoration (0ms)
Platform modules already initialized, skipping
Registering precompiled user dll's ...
Registered in 0.011458 seconds.
Begin MonoManager ReloadAssembly
Symbol file LoadedFromMemory doesn't match image F:\Unity\2DBearAdventure\Library\PackageCache\com.unity.visualscripting@1.7.8\Editor\VisualScripting.Core\Dependencies\YamlDotNet\Unity.VisualScripting.YamlDotNet.dll
Symbol file LoadedFromMemory doesn't match image F:\Unity\2DBearAdventure\Library\PackageCache\com.unity.visualscripting@1.7.8\Editor\VisualScripting.Core\Dependencies\DotNetZip\Unity.VisualScripting.IonicZip.dll
Native extension for WindowsStandalone target not found
Refreshing native plugins compatible for Editor in 291.87 ms, found 4 plugins.
Preloading 0 native plugins for Editor in 0.00 ms.
Mono: successfully reloaded assembly
- Completed reload, in  1.733 seconds
Domain Reload Profiling:
	ReloadAssembly (1733ms)
		BeginReloadAssembly (111ms)
			ExecutionOrderSort (0ms)
			DisableScriptedObjects (6ms)
			BackupInstance (0ms)
			ReleaseScriptingObjects (0ms)
			CreateAndSetChildDomain (26ms)
		EndReloadAssembly (1515ms)
			LoadAssemblies (85ms)
			RebuildTransferFunctionScriptingTraits (0ms)
			SetupTypeCache (244ms)
			ReleaseScriptCaches (1ms)
			RebuildScriptCaches (78ms)
			SetupLoadedEditorAssemblies (1056ms)
				LogAssemblyErrors (0ms)
				InitializePlatformSupportModulesInManaged (3ms)
				SetLoadedEditorAssemblies (0ms)
				RefreshPlugins (292ms)
				BeforeProcessingInitializeOnLoad (140ms)
				ProcessInitializeOnLoadAttributes (528ms)
				ProcessInitializeOnLoadMethodAttributes (86ms)
				AfterProcessingInitializeOnLoad (7ms)
				EditorAssembliesLoaded (0ms)
			ExecutionOrderSort2 (0ms)
			AwakeInstancesAfterBackupRestoration (5ms)
Platform modules already initialized, skipping
========================================================================
Worker process is ready to serve import requests
Launched and connected shader compiler UnityShaderCompiler.exe after 0.07 seconds
Refreshing native plugins compatible for Editor in 4.27 ms, found 4 plugins.
Preloading 0 native plugins for Editor in 0.00 ms.
Unloading 5766 Unused Serialized files (Serialized files now loaded: 0)
Unloading 74 unused Assets / (2.2 MB). Loaded Objects now: 6202.
Memory consumption went from 251.7 MB to 249.5 MB.
Total: 4.723900 ms (FindLiveObjects: 0.613600 ms CreateObjectMapping: 0.164000 ms MarkObjects: 3.172900 ms  DeleteObjects: 0.772300 ms)

AssetImportParameters requested are different than current active one (requested -> active):
  custom:video-decoder-ogg-theora: a1e56fd34408186e4bbccfd4996cb3dc -> 
  custom:container-muxer-webm: aa71ff27fc2769a1b78a27578f13a17b -> 
  custom:container-demuxer-webm: 4f35f7cbe854078d1ac9338744f61a02 -> 
  custom:video-encoder-webm-vp8: eb34c28f22e8b96e1ab97ce403110664 -> 
  custom:audio-encoder-webm-vorbis: bf7c407c2cedff20999df2af8eb42d56 -> 
  custom:framework-win-MediaFoundation: 216162199b28c13a410421893ffa2e32 -> 
  custom:container-demuxer-ogg: 62fdf1f143b41e24485cea50d1cbac27 -> 
  custom:video-decoder-webm-vp8: 9c59270c3fd7afecdb556c50c9e8de78 -> 
  custom:audio-decoder-ogg-vorbis: bf7c407c2cedff20999df2af8eb42d56 -> 
========================================================================
Received Import Request.
  Time since last request: 386972.683759 seconds.
  path: Assets/Art/ElvGames/Fantasy Dreamland Reborn/Dungeon/Tiles/FDR_Dungeon_5.asset
  artifactKey: Guid(9c3ef167863e5df4f9d55f579ff310f3) Importer(815301076,1909f56bfc062723c751e8b465ee728b)
Start importing Assets/Art/ElvGames/Fantasy Dreamland Reborn/Dungeon/Tiles/FDR_Dungeon_5.asset using Guid(9c3ef167863e5df4f9d55f579ff310f3) Importer(815301076,1909f56bfc062723c751e8b465ee728b)  -> (artifact id: 'dbc6666486e4886baf428687b9555a45') in 0.095256 seconds 
========================================================================
Received Import Request.
  Time since last request: 0.000046 seconds.
  path: Assets/Art/ElvGames/Fantasy Dreamland Reborn/Dungeon/Tiles/FDR_Dungeon_18.asset
  artifactKey: Guid(99f7c4d76aca4a245a9782014e1d7204) Importer(815301076,1909f56bfc062723c751e8b465ee728b)
Start importing Assets/Art/ElvGames/Fantasy Dreamland Reborn/Dungeon/Tiles/FDR_Dungeon_18.asset using Guid(99f7c4d76aca4a245a9782014e1d7204) Importer(815301076,1909f56bfc062723c751e8b465ee728b)  -> (artifact id: 'a65547a83c4010b1076e9372b5945fb4') in 0.021287 seconds 
========================================================================
Received Import Request.
  Time since last request: 0.000046 seconds.
  path: Assets/Art/ElvGames/Fantasy Dreamland Reborn/Dungeon/Tiles/FDR_Dungeon_74.asset
  artifactKey: Guid(9bb84a9b0015ee347b35cbc8f262b6dc) Importer(815301076,1909f56bfc062723c751e8b465ee728b)
Start importing Assets/Art/ElvGames/Fantasy Dreamland Reborn/Dungeon/Tiles/FDR_Dungeon_74.asset using Guid(9bb84a9b0015ee347b35cbc8f262b6dc) Importer(815301076,1909f56bfc062723c751e8b465ee728b)  -> (artifact id: '084be738f0b65c157d97b7d062129749') in 0.015138 seconds 
========================================================================
Received Import Request.
  Time since last request: 0.000043 seconds.
  path: Assets/Art/ElvGames/Fantasy Dreamland Reborn/Dungeon/Tiles/FDR_Dungeon_73.asset
  artifactKey: Guid(717bb11449f209549b7892cf0d0b6443) Importer(815301076,1909f56bfc062723c751e8b465ee728b)
Start importing Assets/Art/ElvGames/Fantasy Dreamland Reborn/Dungeon/Tiles/FDR_Dungeon_73.asset using Guid(717bb11449f209549b7892cf0d0b6443) Importer(815301076,1909f56bfc062723c751e8b465ee728b)  -> (artifact id: '66f5db00477bd23fc4766928f62da243') in 0.019869 seconds 
========================================================================
Received Import Request.
  Time since last request: 0.000060 seconds.
  path: Assets/Art/ElvGames/Fantasy Dreamland Reborn/Dungeon/Tiles/FDR_Dungeon_122.asset
  artifactKey: Guid(179d43384c256f342b83396097097c0c) Importer(815301076,1909f56bfc062723c751e8b465ee728b)
Start importing Assets/Art/ElvGames/Fantasy Dreamland Reborn/Dungeon/Tiles/FDR_Dungeon_122.asset using Guid(179d43384c256f342b83396097097c0c) Importer(815301076,1909f56bfc062723c751e8b465ee728b)  -> (artifact id: '83b444dfcb32501af8f9f96a4dd86b92') in 0.017142 seconds 
========================================================================
Received Import Request.
  Time since last request: 0.000034 seconds.
  path: Assets/Art/ElvGames/Fantasy Dreamland Reborn/Dungeon/Tiles/FDR_Dungeon_126.asset
  artifactKey: Guid(b330478f29065834c90179f1e7dff068) Importer(815301076,1909f56bfc062723c751e8b465ee728b)
Start importing Assets/Art/ElvGames/Fantasy Dreamland Reborn/Dungeon/Tiles/FDR_Dungeon_126.asset using Guid(b330478f29065834c90179f1e7dff068) Importer(815301076,1909f56bfc062723c751e8b465ee728b)  -> (artifact id: '6779de417eb860562df2ba09c243ed6e') in 0.021576 seconds 
========================================================================
Received Import Request.
  Time since last request: 0.000061 seconds.
  path: Assets/Art/ElvGames/Fantasy Dreamland Reborn/Dungeon/Tiles/FDR_Dungeon_21.asset
  artifactKey: Guid(36dc81efd9e9a954c8244bef3ec26674) Importer(815301076,1909f56bfc062723c751e8b465ee728b)
Start importing Assets/Art/ElvGames/Fantasy Dreamland Reborn/Dungeon/Tiles/FDR_Dungeon_21.asset using Guid(36dc81efd9e9a954c8244bef3ec26674) Importer(815301076,1909f56bfc062723c751e8b465ee728b)  -> (artifact id: 'c8ddd9a3cd7dad95558ff1263d80f08b') in 0.017827 seconds 
========================================================================
Received Import Request.
  Time since last request: 0.000024 seconds.
  path: Assets/Art/ElvGames/Fantasy Dreamland Reborn/Dungeon/Tiles/FDR_Dungeon_113.asset
  artifactKey: Guid(b8f648bdcbadfea478782f2ba8c23536) Importer(815301076,1909f56bfc062723c751e8b465ee728b)
Start importing Assets/Art/ElvGames/Fantasy Dreamland Reborn/Dungeon/Tiles/FDR_Dungeon_113.asset using Guid(b8f648bdcbadfea478782f2ba8c23536) Importer(815301076,1909f56bfc062723c751e8b465ee728b)  -> (artifact id: '9066aeb89609549e3d63665cd1bbd9d7') in 0.018510 seconds 
========================================================================
Received Import Request.
  Time since last request: 0.000034 seconds.
  path: Assets/Art/ElvGames/Fantasy Dreamland Reborn/Dungeon/Tiles/FDR_Dungeon_71.asset
  artifactKey: Guid(e1677d0f136b63e42b65c0cc9b51116c) Importer(815301076,1909f56bfc062723c751e8b465ee728b)
Start importing Assets/Art/ElvGames/Fantasy Dreamland Reborn/Dungeon/Tiles/FDR_Dungeon_71.asset using Guid(e1677d0f136b63e42b65c0cc9b51116c) Importer(815301076,1909f56bfc062723c751e8b465ee728b)  -> (artifact id: '9a44f6c57de1472cae8806f13c3794c7') in 0.014267 seconds 
========================================================================
Received Import Request.
  Time since last request: 0.000031 seconds.
  path: Assets/Art/ElvGames/Fantasy Dreamland Reborn/Dungeon/Tiles/FDR_Dungeon_119.asset
  artifactKey: Guid(3667a37128c7bbf45bed0f2a5e7735a3) Importer(815301076,1909f56bfc062723c751e8b465ee728b)
Start importing Assets/Art/ElvGames/Fantasy Dreamland Reborn/Dungeon/Tiles/FDR_Dungeon_119.asset using Guid(3667a37128c7bbf45bed0f2a5e7735a3) Importer(815301076,1909f56bfc062723c751e8b465ee728b)  -> (artifact id: '096135f31866e467d1f716a86512c61c') in 0.021170 seconds 
========================================================================
Received Import Request.
  Time since last request: 0.000062 seconds.
  path: Assets/Art/ElvGames/Fantasy Dreamland Reborn/Dungeon/Tiles/FDR_Dungeon_96.asset
  artifactKey: Guid(b250cf5c0be30904f817d7116714522e) Importer(815301076,1909f56bfc062723c751e8b465ee728b)
Start importing Assets/Art/ElvGames/Fantasy Dreamland Reborn/Dungeon/Tiles/FDR_Dungeon_96.asset using Guid(b250cf5c0be30904f817d7116714522e) Importer(815301076,1909f56bfc062723c751e8b465ee728b)  -> (artifact id: '80f3d8e90ed5f7975e3264c8835badd7') in 0.015038 seconds 
========================================================================
Received Import Request.
  Time since last request: 0.000033 seconds.
  path: Assets/Art/ElvGames/Fantasy Dreamland Reborn/Dungeon/Tiles/FDR_Dungeon_34.asset
  artifactKey: Guid(5b4c974b63cb2a04d98aa0ecb5bb8533) Importer(815301076,1909f56bfc062723c751e8b465ee728b)
Start importing Assets/Art/ElvGames/Fantasy Dreamland Reborn/Dungeon/Tiles/FDR_Dungeon_34.asset using Guid(5b4c974b63cb2a04d98aa0ecb5bb8533) Importer(815301076,1909f56bfc062723c751e8b465ee728b)  -> (artifact id: 'dab050dbab88e7b31b3fd1b7d487f90c') in 0.017481 seconds 
========================================================================
Received Import Request.
  Time since last request: 0.000051 seconds.
  path: Assets/Art/ElvGames/Fantasy Dreamland Reborn/Dungeon/Tiles/FDR_Dungeon_97.asset
  artifactKey: Guid(b265ac5a5f641bd46aed0748f2b63bde) Importer(815301076,1909f56bfc062723c751e8b465ee728b)
Start importing Assets/Art/ElvGames/Fantasy Dreamland Reborn/Dungeon/Tiles/FDR_Dungeon_97.asset using Guid(b265ac5a5f641bd46aed0748f2b63bde) Importer(815301076,1909f56bfc062723c751e8b465ee728b)  -> (artifact id: 'fe112d66b33871a1b0b3fd4911dece6d') in 0.016966 seconds 
========================================================================
Received Import Request.
  Time since last request: 0.000086 seconds.
  path: Assets/Art/ElvGames/Fantasy Dreamland Reborn/Dungeon/Tiles/FDR_Dungeon_52.asset
  artifactKey: Guid(5e2cc5b7a96b8ef48a39767a6e4466db) Importer(815301076,1909f56bfc062723c751e8b465ee728b)
Start importing Assets/Art/ElvGames/Fantasy Dreamland Reborn/Dungeon/Tiles/FDR_Dungeon_52.asset using Guid(5e2cc5b7a96b8ef48a39767a6e4466db) Importer(815301076,1909f56bfc062723c751e8b465ee728b)  -> (artifact id: '4291044ae72e7e1a77ebdef57a7a3620') in 0.022656 seconds 
========================================================================
Received Import Request.
  Time since last request: 0.000029 seconds.
  path: Assets/Art/ElvGames/Fantasy Dreamland Reborn/Dungeon/Tiles/FDR_Dungeon_90.asset
  artifactKey: Guid(fe31b58f822d604499768805977307fe) Importer(815301076,1909f56bfc062723c751e8b465ee728b)
Start importing Assets/Art/ElvGames/Fantasy Dreamland Reborn/Dungeon/Tiles/FDR_Dungeon_90.asset using Guid(fe31b58f822d604499768805977307fe) Importer(815301076,1909f56bfc062723c751e8b465ee728b)  -> (artifact id: 'ff795d89aa11b2fbb3a5be0e59ac209e') in 0.015751 seconds 
========================================================================
Received Import Request.
  Time since last request: 0.000034 seconds.
  path: Assets/Art/ElvGames/Fantasy Dreamland Reborn/Dungeon/Tiles/FDR_Dungeon_37.asset
  artifactKey: Guid(046ba1b9ceeb5924fa16b660e74de49f) Importer(815301076,1909f56bfc062723c751e8b465ee728b)
Start importing Assets/Art/ElvGames/Fantasy Dreamland Reborn/Dungeon/Tiles/FDR_Dungeon_37.asset using Guid(046ba1b9ceeb5924fa16b660e74de49f) Importer(815301076,1909f56bfc062723c751e8b465ee728b)  -> (artifact id: '72d10a35ef04ee11d7785f0efdb08d43') in 0.021844 seconds 
========================================================================
Received Import Request.
  Time since last request: 0.000037 seconds.
  path: Assets/Art/ElvGames/Fantasy Dreamland Reborn/Dungeon/Tiles/FDR_Dungeon_12.asset
  artifactKey: Guid(9e2b6de66347bb2438c6665307d46820) Importer(815301076,1909f56bfc062723c751e8b465ee728b)
Start importing Assets/Art/ElvGames/Fantasy Dreamland Reborn/Dungeon/Tiles/FDR_Dungeon_12.asset using Guid(9e2b6de66347bb2438c6665307d46820) Importer(815301076,1909f56bfc062723c751e8b465ee728b)  -> (artifact id: '34c1dc9b00a9ccd591cb19230565b1d2') in 0.015287 seconds 
========================================================================
Received Import Request.
  Time since last request: 0.000031 seconds.
  path: Assets/Art/ElvGames/Fantasy Dreamland Reborn/Dungeon/Tiles/FDR_Dungeon_40.asset
  artifactKey: Guid(0e71a0711f449e149925aa0fd6039409) Importer(815301076,1909f56bfc062723c751e8b465ee728b)
Start importing Assets/Art/ElvGames/Fantasy Dreamland Reborn/Dungeon/Tiles/FDR_Dungeon_40.asset using Guid(0e71a0711f449e149925aa0fd6039409) Importer(815301076,1909f56bfc062723c751e8b465ee728b)  -> (artifact id: '0ac90da29a53ae4b4918a843e1d700f1') in 0.019391 seconds 
========================================================================
Received Import Request.
  Time since last request: 0.000071 seconds.
  path: Assets/Art/ElvGames/Fantasy Dreamland Reborn/Dungeon/Tiles/FDR_Dungeon_86.asset
  artifactKey: Guid(4b19b2c6420eb9149832426536c5eb52) Importer(815301076,1909f56bfc062723c751e8b465ee728b)
Start importing Assets/Art/ElvGames/Fantasy Dreamland Reborn/Dungeon/Tiles/FDR_Dungeon_86.asset using Guid(4b19b2c6420eb9149832426536c5eb52) Importer(815301076,1909f56bfc062723c751e8b465ee728b)  -> (artifact id: '5c2dde8c18f4152672880214d352c15a') in 0.021480 seconds 
========================================================================
Received Import Request.
  Time since last request: 0.000031 seconds.
  path: Assets/Art/ElvGames/Fantasy Dreamland Reborn/Dungeon/Tiles/FDR_Dungeon_24.asset
  artifactKey: Guid(1e8b619670956ac4ebfd7077d15c63c2) Importer(815301076,1909f56bfc062723c751e8b465ee728b)
Start importing Assets/Art/ElvGames/Fantasy Dreamland Reborn/Dungeon/Tiles/FDR_Dungeon_24.asset using Guid(1e8b619670956ac4ebfd7077d15c63c2) Importer(815301076,1909f56bfc062723c751e8b465ee728b)  -> (artifact id: 'd6e6ae8ca3c3d9a4f73ab5753d4049e2') in 0.014537 seconds 
========================================================================
Received Import Request.
  Time since last request: 10.284804 seconds.
  path: Assets/Art/ElvGames/Fantasy Dreamland/UI/Character Faces/Faceset_006_48x48.png
  artifactKey: Guid(90de71a3f24c2d54b9dc7c7cc03b500f) Importer(815301076,1909f56bfc062723c751e8b465ee728b)
Start importing Assets/Art/ElvGames/Fantasy Dreamland/UI/Character Faces/Faceset_006_48x48.png using Guid(90de71a3f24c2d54b9dc7c7cc03b500f) Importer(815301076,1909f56bfc062723c751e8b465ee728b)  -> (artifact id: '7d4ed3eca3bde7473878a1343338ca63') in 0.085345 seconds 
========================================================================
Received Import Request.
  Time since last request: 0.000068 seconds.
  path: Assets/Art/ElvGames/Fantasy Dreamland/UI/Character Faces/Faceset_044_48x48.png
  artifactKey: Guid(66b155578d15e2e498351ea63fd72757) Importer(815301076,1909f56bfc062723c751e8b465ee728b)
Start importing Assets/Art/ElvGames/Fantasy Dreamland/UI/Character Faces/Faceset_044_48x48.png using Guid(66b155578d15e2e498351ea63fd72757) Importer(815301076,1909f56bfc062723c751e8b465ee728b)  -> (artifact id: '219b77e4770b7f569cac7a246cbb8cd4') in 0.037944 seconds 
========================================================================
Received Import Request.
  Time since last request: 0.000067 seconds.
  path: Assets/Art/ElvGames/Fantasy Dreamland/UI/Character Faces/Faceset_055_48x48.png
  artifactKey: Guid(ce88ee80b2a352742b067b69377ebde3) Importer(815301076,1909f56bfc062723c751e8b465ee728b)
Start importing Assets/Art/ElvGames/Fantasy Dreamland/UI/Character Faces/Faceset_055_48x48.png using Guid(ce88ee80b2a352742b067b69377ebde3) Importer(815301076,1909f56bfc062723c751e8b465ee728b)  -> (artifact id: 'bae505c5d9690a9dc3ea69f6280bb83d') in 0.042793 seconds 
========================================================================
Received Import Request.
  Time since last request: 0.000035 seconds.
  path: Assets/Art/ElvGames/Fantasy Dreamland/UI/Character Faces/Faceset_009_48x48.png
  artifactKey: Guid(f6109bcb3ce2b7a41a2ad0345dc0ed2e) Importer(815301076,1909f56bfc062723c751e8b465ee728b)
Start importing Assets/Art/ElvGames/Fantasy Dreamland/UI/Character Faces/Faceset_009_48x48.png using Guid(f6109bcb3ce2b7a41a2ad0345dc0ed2e) Importer(815301076,1909f56bfc062723c751e8b465ee728b)  -> (artifact id: '42e6ac63d6256525f9beaebaa5d4314d') in 0.042999 seconds 
========================================================================
Received Import Request.
  Time since last request: 0.000058 seconds.
  path: Assets/Art/ElvGames/Fantasy Dreamland/UI/Character Faces/Faceset_007_48x48.png
  artifactKey: Guid(e1746b649f5756a4292b9e115a53129d) Importer(815301076,1909f56bfc062723c751e8b465ee728b)
Start importing Assets/Art/ElvGames/Fantasy Dreamland/UI/Character Faces/Faceset_007_48x48.png using Guid(e1746b649f5756a4292b9e115a53129d) Importer(815301076,1909f56bfc062723c751e8b465ee728b)  -> (artifact id: 'd2a82e844e1ca2e1aa80be60e78fda58') in 0.045517 seconds 
========================================================================
Received Import Request.
  Time since last request: 0.000037 seconds.
  path: Assets/Art/ElvGames/Fantasy Dreamland/UI/Character Faces/Faceset_051_48x48.png
  artifactKey: Guid(c007be5aea8ebee40b59c25b512cbbfb) Importer(815301076,1909f56bfc062723c751e8b465ee728b)
Start importing Assets/Art/ElvGames/Fantasy Dreamland/UI/Character Faces/Faceset_051_48x48.png using Guid(c007be5aea8ebee40b59c25b512cbbfb) Importer(815301076,1909f56bfc062723c751e8b465ee728b)  -> (artifact id: '0720548f345e304d7c7bd2d58497c532') in 0.039755 seconds 
========================================================================
Received Import Request.
  Time since last request: 0.000036 seconds.
  path: Assets/Art/ElvGames/Fantasy Dreamland/UI/Character Faces/Faceset_079_48x48.png
  artifactKey: Guid(2f8bcacb65a1f8545a6f77beee3e1e89) Importer(815301076,1909f56bfc062723c751e8b465ee728b)
Start importing Assets/Art/ElvGames/Fantasy Dreamland/UI/Character Faces/Faceset_079_48x48.png using Guid(2f8bcacb65a1f8545a6f77beee3e1e89) Importer(815301076,1909f56bfc062723c751e8b465ee728b)  -> (artifact id: '5e01f27a1a8fb1e22c260e1690ed9151') in 0.037828 seconds 
========================================================================
Received Import Request.
  Time since last request: 0.000048 seconds.
  path: Assets/Art/ElvGames/Fantasy Dreamland/UI/Character Faces/Faceset_043_48x48.png
  artifactKey: Guid(ec268782790802b45a0d0d5a3e4535c8) Importer(815301076,1909f56bfc062723c751e8b465ee728b)
Start importing Assets/Art/ElvGames/Fantasy Dreamland/UI/Character Faces/Faceset_043_48x48.png using Guid(ec268782790802b45a0d0d5a3e4535c8) Importer(815301076,1909f56bfc062723c751e8b465ee728b)  -> (artifact id: '414a4fd27bf337b1cd409ee9ee1edadc') in 0.038909 seconds 
========================================================================
Received Import Request.
  Time since last request: 0.000033 seconds.
  path: Assets/Art/ElvGames/Fantasy Dreamland/UI/Character Faces/Faceset_080_48x48.png
  artifactKey: Guid(741ab70e8a5d1e44c8784f436e4b21c6) Importer(815301076,1909f56bfc062723c751e8b465ee728b)
Start importing Assets/Art/ElvGames/Fantasy Dreamland/UI/Character Faces/Faceset_080_48x48.png using Guid(741ab70e8a5d1e44c8784f436e4b21c6) Importer(815301076,1909f56bfc062723c751e8b465ee728b)  -> (artifact id: 'bfe14428f467340821e9d1465c19308a') in 0.038187 seconds 
========================================================================
Received Import Request.
  Time since last request: 0.000029 seconds.
  path: Assets/Art/ElvGames/Fantasy Dreamland/UI/Character Faces/Faceset_067_48x48.png
  artifactKey: Guid(8b0d51b6d9282314b83e8abd9cdac09f) Importer(815301076,1909f56bfc062723c751e8b465ee728b)
Start importing Assets/Art/ElvGames/Fantasy Dreamland/UI/Character Faces/Faceset_067_48x48.png using Guid(8b0d51b6d9282314b83e8abd9cdac09f) Importer(815301076,1909f56bfc062723c751e8b465ee728b)  -> (artifact id: '19696a7ced768b946432988aee82dbc5') in 0.040227 seconds 
========================================================================
Received Import Request.
  Time since last request: 0.000036 seconds.
  path: Assets/Art/ElvGames/Fantasy Dreamland/UI/Character Faces/Faceset_065_48x48.png
  artifactKey: Guid(75291b48906c68e479ef76fa617a0d4b) Importer(815301076,1909f56bfc062723c751e8b465ee728b)
Start importing Assets/Art/ElvGames/Fantasy Dreamland/UI/Character Faces/Faceset_065_48x48.png using Guid(75291b48906c68e479ef76fa617a0d4b) Importer(815301076,1909f56bfc062723c751e8b465ee728b)  -> (artifact id: '1a911963fbf23e51a9a0b8b9306e8129') in 0.041184 seconds 
========================================================================
Received Import Request.
  Time since last request: 0.000032 seconds.
  path: Assets/Art/ElvGames/Fantasy Dreamland/UI/Character Faces/Faceset_046_48x48.png
  artifactKey: Guid(785063310a0f7e94c91552fb0bc081fb) Importer(815301076,1909f56bfc062723c751e8b465ee728b)
Start importing Assets/Art/ElvGames/Fantasy Dreamland/UI/Character Faces/Faceset_046_48x48.png using Guid(785063310a0f7e94c91552fb0bc081fb) Importer(815301076,1909f56bfc062723c751e8b465ee728b)  -> (artifact id: 'da3293add9f589fc75c05a8786271c4c') in 0.033442 seconds 
========================================================================
Received Import Request.
  Time since last request: 0.000050 seconds.
  path: Assets/Art/ElvGames/Fantasy Dreamland/UI/Character Faces/Faceset_010_48x48.png
  artifactKey: Guid(85804ce37443b9b4d8280b8cc8982b9a) Importer(815301076,1909f56bfc062723c751e8b465ee728b)
Start importing Assets/Art/ElvGames/Fantasy Dreamland/UI/Character Faces/Faceset_010_48x48.png using Guid(85804ce37443b9b4d8280b8cc8982b9a) Importer(815301076,1909f56bfc062723c751e8b465ee728b)  -> (artifact id: 'c4aee87b5b7b3bc326f9c59c1b97096d') in 0.034315 seconds 
========================================================================
Received Import Request.
  Time since last request: 0.977656 seconds.
  path: Assets/Art/ElvGames/Fantasy Dreamland/UI/Inventory/Inventory_style_01b.png
  artifactKey: Guid(c84df7357e3827946bc985d03e250248) Importer(815301076,1909f56bfc062723c751e8b465ee728b)
Start importing Assets/Art/ElvGames/Fantasy Dreamland/UI/Inventory/Inventory_style_01b.png using Guid(c84df7357e3827946bc985d03e250248) Importer(815301076,1909f56bfc062723c751e8b465ee728b)  -> (artifact id: '5a285d856f1065a1c302b9e954814778') in 0.024779 seconds 
========================================================================
Received Import Request.
  Time since last request: 0.000029 seconds.
  path: Assets/Art/ElvGames/Fantasy Dreamland/UI/Inventory/Inventory_style_01c.png
  artifactKey: Guid(a66ffbe141c7cea4496a3f9b01af1b39) Importer(815301076,1909f56bfc062723c751e8b465ee728b)
Start importing Assets/Art/ElvGames/Fantasy Dreamland/UI/Inventory/Inventory_style_01c.png using Guid(a66ffbe141c7cea4496a3f9b01af1b39) Importer(815301076,1909f56bfc062723c751e8b465ee728b)  -> (artifact id: '73c534c1825edf471286f2f2ba286ecf') in 0.025255 seconds 
========================================================================
Received Import Request.
  Time since last request: 0.000063 seconds.
  path: Assets/Art/ElvGames/Fantasy Dreamland/UI/Inventory/Inventory_style_02c.png
  artifactKey: Guid(b27c93f561e74284fbb410b4ce2b161d) Importer(815301076,1909f56bfc062723c751e8b465ee728b)
Start importing Assets/Art/ElvGames/Fantasy Dreamland/UI/Inventory/Inventory_style_02c.png using Guid(b27c93f561e74284fbb410b4ce2b161d) Importer(815301076,1909f56bfc062723c751e8b465ee728b)  -> (artifact id: '2ad0623bd7690a9ebe8640ed74bee42e') in 0.020989 seconds 
Editor requested this worker to shutdown with reason: Scaling down because of idle timeout
AssetImportWorker is now disconnected from the server
Process exiting
Exiting without the bug reporter. Application will terminate with return code 0